#
# There is insufficient memory for the Java Runtime Environment to continue.
# Native memory allocation (malloc) failed to allocate 1697136 bytes. Error detail: Chunk::new
# Possible reasons:
#   The system is out of physical RAM or swap space
#   This process is running with CompressedOops enabled, and the Java Heap may be blocking the growth of the native heap
# Possible solutions:
#   Reduce memory load on the system
#   Increase physical memory or swap space
#   Check if swap backing store is full
#   Decrease Java heap size (-Xmx/-Xms)
#   Decrease number of Java threads
#   Decrease Java thread stack sizes (-Xss)
#   Set larger code cache with -XX:ReservedCodeCacheSize=
#   JVM is running with Unscaled Compressed Oops mode in which the Java heap is
#     placed in the first 4GB address space. The Java Heap base address is the
#     maximum limit for the native heap growth. Please use -XX:HeapBaseMinAddress
#     to set the Java Heap base and to place the Java Heap above 4GB virtual address.
# This output file may be truncated or incomplete.
#
#  Out of Memory Error (arena.cpp:168), pid=4900, tid=8564
#
# JRE version: OpenJDK Runtime Environment (21.0.6) (build 21.0.6+-13391695-b895.109)
# Java VM: OpenJDK 64-Bit Server VM (21.0.6+-13391695-b895.109, mixed mode, tiered, compressed oops, compressed class ptrs, g1 gc, windows-amd64)
# No core dump will be written. Minidumps are not enabled by default on client versions of Windows
#

---------------  S U M M A R Y ------------

Command Line: org.jetbrains.kotlin.cli.jvm.K2JVMCompiler @C:\Users\user\AndroidStudioProjects\HospitalDatabase\app\build\20250801_4041217555127400021.compiler.options

Host: Intel(R) Core(TM) i7-7700HQ CPU @ 2.80GHz, 4 cores, 3G,  Windows 11 , 64 bit Build 26100 (10.0.26100.1591)
Time: Fri Aug  1 10:48:21 2025 Pacific Daylight Time elapsed time: 16.366783 seconds (0d 0h 0m 16s)

---------------  T H R E A D  ---------------

Current thread (0x000002b9fa152c80):  JavaThread "C2 CompilerThread0" daemon [_thread_in_native, id=8564, stack(0x000000bf69c00000,0x000000bf69d00000) (1024K)]


Current CompileTask:
C2:16366 6745       4       org.jetbrains.kotlin.fir.backend.Fir2IrTypeConverter::toIrType (1647 bytes)

Stack: [0x000000bf69c00000,0x000000bf69d00000]
Native frames: (J=compiled Java code, j=interpreted, Vv=VM code, C=native code)
V  [jvm.dll+0x6d0639]
V  [jvm.dll+0x85eb03]
V  [jvm.dll+0x86105e]
V  [jvm.dll+0x861743]
V  [jvm.dll+0x27e6e6]
V  [jvm.dll+0xbff6d]
V  [jvm.dll+0xc04a3]
V  [jvm.dll+0x3b6171]
V  [jvm.dll+0x3820c7]
V  [jvm.dll+0x38153a]
V  [jvm.dll+0x247c82]
V  [jvm.dll+0x247251]
V  [jvm.dll+0x1c5f04]
V  [jvm.dll+0x2569ac]
V  [jvm.dll+0x254ef6]
V  [jvm.dll+0x3f0e96]
V  [jvm.dll+0x806ed8]
V  [jvm.dll+0x6cef0d]
C  [ucrtbase.dll+0x14ea0]
C  [KERNEL32.DLL+0x2dbe7]
C  [ntdll.dll+0x85a6c]


---------------  P R O C E S S  ---------------

Threads class SMR info:
_java_thread_list=0x000002b981ac6540, length=11, elements={
0x000002b9e46d9110, 0x000002b9fa2a05a0, 0x000002b9fa14ad60, 0x000002b9fa14e330,
0x000002b9fa14ed80, 0x000002b9fa14f7d0, 0x000002b9fa150220, 0x000002b9fa152c80,
0x000002b9fa2d0ed0, 0x000002b9fa439850, 0x000002b9fa44ed80
}

Java Threads: ( => current thread )
  0x000002b9e46d9110 JavaThread "main"                              [_thread_in_native, id=9244, stack(0x000000bf68e00000,0x000000bf68f00000) (1024K)]
  0x000002b9fa2a05a0 JavaThread "Reference Handler"          daemon [_thread_blocked, id=968, stack(0x000000bf69600000,0x000000bf69700000) (1024K)]
  0x000002b9fa14ad60 JavaThread "Finalizer"                  daemon [_thread_blocked, id=7136, stack(0x000000bf69700000,0x000000bf69800000) (1024K)]
  0x000002b9fa14e330 JavaThread "Signal Dispatcher"          daemon [_thread_blocked, id=3856, stack(0x000000bf69800000,0x000000bf69900000) (1024K)]
  0x000002b9fa14ed80 JavaThread "Attach Listener"            daemon [_thread_blocked, id=8720, stack(0x000000bf69900000,0x000000bf69a00000) (1024K)]
  0x000002b9fa14f7d0 JavaThread "Service Thread"             daemon [_thread_blocked, id=1124, stack(0x000000bf69a00000,0x000000bf69b00000) (1024K)]
  0x000002b9fa150220 JavaThread "Monitor Deflation Thread"   daemon [_thread_blocked, id=2864, stack(0x000000bf69b00000,0x000000bf69c00000) (1024K)]
=>0x000002b9fa152c80 JavaThread "C2 CompilerThread0"         daemon [_thread_in_native, id=8564, stack(0x000000bf69c00000,0x000000bf69d00000) (1024K)]
  0x000002b9fa2d0ed0 JavaThread "C1 CompilerThread0"         daemon [_thread_in_native, id=9640, stack(0x000000bf69d00000,0x000000bf69e00000) (1024K)]
  0x000002b9fa439850 JavaThread "Notification Thread"        daemon [_thread_blocked, id=5096, stack(0x000000bf69e00000,0x000000bf69f00000) (1024K)]
  0x000002b9fa44ed80 JavaThread "Common-Cleaner"             daemon [_thread_blocked, id=5132, stack(0x000000bf69f00000,0x000000bf6a000000) (1024K)]
Total: 11

Other Threads:
  0x000002b9fa0ca8c0 VMThread "VM Thread"                           [id=1164, stack(0x000000bf69500000,0x000000bf69600000) (1024K)]
  0x000002b9fa07cb00 WatcherThread "VM Periodic Task Thread"        [id=6188, stack(0x000000bf69400000,0x000000bf69500000) (1024K)]
  0x000002b9e470eb80 WorkerThread "GC Thread#0"                     [id=7376, stack(0x000000bf68f00000,0x000000bf69000000) (1024K)]
  0x000002b9fa9a9980 WorkerThread "GC Thread#1"                     [id=6864, stack(0x000000bf6a000000,0x000000bf6a100000) (1024K)]
  0x000002b9fa989cd0 WorkerThread "GC Thread#2"                     [id=2240, stack(0x000000bf6a100000,0x000000bf6a200000) (1024K)]
  0x000002b9fa98a070 WorkerThread "GC Thread#3"                     [id=4280, stack(0x000000bf6a200000,0x000000bf6a300000) (1024K)]
  0x000002b9e4717b60 ConcurrentGCThread "G1 Main Marker"            [id=8560, stack(0x000000bf69000000,0x000000bf69100000) (1024K)]
  0x000002b9e4718660 WorkerThread "G1 Conc#0"                       [id=10132, stack(0x000000bf69100000,0x000000bf69200000) (1024K)]
  0x000002b9e47731c0 ConcurrentGCThread "G1 Refine#0"               [id=6076, stack(0x000000bf69200000,0x000000bf69300000) (1024K)]
  0x000002b9e4773d30 ConcurrentGCThread "G1 Service"                [id=1508, stack(0x000000bf69300000,0x000000bf69400000) (1024K)]
Total: 10

Threads with active compile tasks:
C2 CompilerThread0  16390 6745       4       org.jetbrains.kotlin.fir.backend.Fir2IrTypeConverter::toIrType (1647 bytes)
C1 CompilerThread0  16391 6892       2       org.jetbrains.kotlin.backend.jvm.lower.InterfaceObjectCallsLowering::visitValueParameter (13 bytes)
Total: 2

VM state: not at safepoint (normal execution)

VM Mutex/Monitor currently owned by a thread: None

Heap address: 0x00000000c0000000, size: 1024 MB, Compressed Oops mode: 32-bit

CDS archive(s) not mapped
Compressed class space mapped at: 0x0000000100000000-0x0000000140000000, reserved size: 1073741824
Narrow klass base: 0x0000000000000000, Narrow klass shift: 3, Narrow klass range: 0x140000000

GC Precious Log:
 CardTable entry size: 512
 Card Set container configuration: InlinePtr #cards 5 size 8 Array Of Cards #cards 12 size 40 Howl #buckets 4 coarsen threshold 1843 Howl Bitmap #cards 512 size 80 coarsen threshold 460 Card regions per heap region 1 cards per card region 2048
 CPUs: 4 total, 4 available
 Memory: 4094M
 Large Page Support: Disabled
 NUMA Support: Disabled
 Compressed Oops: Enabled (32-bit)
 Heap Region Size: 1M
 Heap Min Capacity: 8M
 Heap Initial Capacity: 64M
 Heap Max Capacity: 1G
 Pre-touch: Disabled
 Parallel Workers: 4
 Concurrent Workers: 1
 Concurrent Refinement Workers: 4
 Periodic GC: Disabled

Heap:
 garbage-first heap   total 102400K, used 83339K [0x00000000c0000000, 0x0000000100000000)
  region size 1024K, 21 young (21504K), 2 survivors (2048K)
 Metaspace       used 74380K, committed 74688K, reserved 1179648K
  class space    used 8132K, committed 8256K, reserved 1048576K

Heap Regions: E=young(eden), S=young(survivor), O=old, HS=humongous(starts), HC=humongous(continues), CS=collection set, F=free, TAMS=top-at-mark-start, PB=parsable bottom
|   0|0x00000000c0000000, 0x00000000c0100000, 0x00000000c0100000|100%|HS|  |TAMS 0x00000000c0000000| PB 0x00000000c0000000| Complete 
|   1|0x00000000c0100000, 0x00000000c0200000, 0x00000000c0200000|100%|HC|  |TAMS 0x00000000c0100000| PB 0x00000000c0100000| Complete 
|   2|0x00000000c0200000, 0x00000000c0300000, 0x00000000c0300000|100%|HC|  |TAMS 0x00000000c0200000| PB 0x00000000c0200000| Complete 
|   3|0x00000000c0300000, 0x00000000c0400000, 0x00000000c0400000|100%| O|  |TAMS 0x00000000c0300000| PB 0x00000000c0300000| Untracked 
|   4|0x00000000c0400000, 0x00000000c0500000, 0x00000000c0500000|100%| O|  |TAMS 0x00000000c0400000| PB 0x00000000c0400000| Untracked 
|   5|0x00000000c0500000, 0x00000000c0600000, 0x00000000c0600000|100%| O|  |TAMS 0x00000000c0500000| PB 0x00000000c0500000| Untracked 
|   6|0x00000000c0600000, 0x00000000c0700000, 0x00000000c0700000|100%| O|  |TAMS 0x00000000c0600000| PB 0x00000000c0600000| Untracked 
|   7|0x00000000c0700000, 0x00000000c0800000, 0x00000000c0800000|100%| O|  |TAMS 0x00000000c0700000| PB 0x00000000c0700000| Untracked 
|   8|0x00000000c0800000, 0x00000000c0900000, 0x00000000c0900000|100%| O|  |TAMS 0x00000000c0800000| PB 0x00000000c0800000| Untracked 
|   9|0x00000000c0900000, 0x00000000c0a00000, 0x00000000c0a00000|100%| O|  |TAMS 0x00000000c0900000| PB 0x00000000c0900000| Untracked 
|  10|0x00000000c0a00000, 0x00000000c0b00000, 0x00000000c0b00000|100%| O|  |TAMS 0x00000000c0a00000| PB 0x00000000c0a00000| Untracked 
|  11|0x00000000c0b00000, 0x00000000c0c00000, 0x00000000c0c00000|100%| O|  |TAMS 0x00000000c0b00000| PB 0x00000000c0b00000| Untracked 
|  12|0x00000000c0c00000, 0x00000000c0d00000, 0x00000000c0d00000|100%| O|  |TAMS 0x00000000c0c00000| PB 0x00000000c0c00000| Untracked 
|  13|0x00000000c0d00000, 0x00000000c0e00000, 0x00000000c0e00000|100%| O|  |TAMS 0x00000000c0d00000| PB 0x00000000c0d00000| Untracked 
|  14|0x00000000c0e00000, 0x00000000c0f00000, 0x00000000c0f00000|100%| O|  |TAMS 0x00000000c0e00000| PB 0x00000000c0e00000| Untracked 
|  15|0x00000000c0f00000, 0x00000000c1000000, 0x00000000c1000000|100%| O|  |TAMS 0x00000000c0f00000| PB 0x00000000c0f00000| Untracked 
|  16|0x00000000c1000000, 0x00000000c1100000, 0x00000000c1100000|100%| O|  |TAMS 0x00000000c1000000| PB 0x00000000c1000000| Untracked 
|  17|0x00000000c1100000, 0x00000000c1200000, 0x00000000c1200000|100%|HS|  |TAMS 0x00000000c1100000| PB 0x00000000c1100000| Complete 
|  18|0x00000000c1200000, 0x00000000c1300000, 0x00000000c1300000|100%| O|  |TAMS 0x00000000c1200000| PB 0x00000000c1200000| Untracked 
|  19|0x00000000c1300000, 0x00000000c1400000, 0x00000000c1400000|100%| O|  |TAMS 0x00000000c1300000| PB 0x00000000c1300000| Untracked 
|  20|0x00000000c1400000, 0x00000000c1500000, 0x00000000c1500000|100%| O|  |TAMS 0x00000000c1400000| PB 0x00000000c1400000| Untracked 
|  21|0x00000000c1500000, 0x00000000c1600000, 0x00000000c1600000|100%| O|  |TAMS 0x00000000c1500000| PB 0x00000000c1500000| Untracked 
|  22|0x00000000c1600000, 0x00000000c1700000, 0x00000000c1700000|100%| O|  |TAMS 0x00000000c1600000| PB 0x00000000c1600000| Untracked 
|  23|0x00000000c1700000, 0x00000000c1800000, 0x00000000c1800000|100%| O|  |TAMS 0x00000000c1700000| PB 0x00000000c1700000| Untracked 
|  24|0x00000000c1800000, 0x00000000c1900000, 0x00000000c1900000|100%| O|  |TAMS 0x00000000c1800000| PB 0x00000000c1800000| Untracked 
|  25|0x00000000c1900000, 0x00000000c1a00000, 0x00000000c1a00000|100%| O|  |TAMS 0x00000000c1900000| PB 0x00000000c1900000| Untracked 
|  26|0x00000000c1a00000, 0x00000000c1b00000, 0x00000000c1b00000|100%| O|  |TAMS 0x00000000c1a00000| PB 0x00000000c1a00000| Untracked 
|  27|0x00000000c1b00000, 0x00000000c1c00000, 0x00000000c1c00000|100%| O|  |TAMS 0x00000000c1b00000| PB 0x00000000c1b00000| Untracked 
|  28|0x00000000c1c00000, 0x00000000c1d00000, 0x00000000c1d00000|100%| O|  |TAMS 0x00000000c1c00000| PB 0x00000000c1c00000| Untracked 
|  29|0x00000000c1d00000, 0x00000000c1e00000, 0x00000000c1e00000|100%| O|  |TAMS 0x00000000c1d00000| PB 0x00000000c1d00000| Untracked 
|  30|0x00000000c1e00000, 0x00000000c1f00000, 0x00000000c1f00000|100%| O|  |TAMS 0x00000000c1e00000| PB 0x00000000c1e00000| Untracked 
|  31|0x00000000c1f00000, 0x00000000c2000000, 0x00000000c2000000|100%| O|  |TAMS 0x00000000c1f00000| PB 0x00000000c1f00000| Untracked 
|  32|0x00000000c2000000, 0x00000000c2100000, 0x00000000c2100000|100%| O|  |TAMS 0x00000000c2000000| PB 0x00000000c2000000| Untracked 
|  33|0x00000000c2100000, 0x00000000c2200000, 0x00000000c2200000|100%| O|  |TAMS 0x00000000c2100000| PB 0x00000000c2100000| Untracked 
|  34|0x00000000c2200000, 0x00000000c2300000, 0x00000000c2300000|100%| O|  |TAMS 0x00000000c2200000| PB 0x00000000c2200000| Untracked 
|  35|0x00000000c2300000, 0x00000000c2400000, 0x00000000c2400000|100%| O|  |TAMS 0x00000000c2300000| PB 0x00000000c2300000| Untracked 
|  36|0x00000000c2400000, 0x00000000c2500000, 0x00000000c2500000|100%| O|  |TAMS 0x00000000c2400000| PB 0x00000000c2400000| Untracked 
|  37|0x00000000c2500000, 0x00000000c2600000, 0x00000000c2600000|100%| O|  |TAMS 0x00000000c2500000| PB 0x00000000c2500000| Untracked 
|  38|0x00000000c2600000, 0x00000000c2700000, 0x00000000c2700000|100%| O|  |TAMS 0x00000000c2600000| PB 0x00000000c2600000| Untracked 
|  39|0x00000000c2700000, 0x00000000c2800000, 0x00000000c2800000|100%| O|  |TAMS 0x00000000c2700000| PB 0x00000000c2700000| Untracked 
|  40|0x00000000c2800000, 0x00000000c2900000, 0x00000000c2900000|100%| O|  |TAMS 0x00000000c2800000| PB 0x00000000c2800000| Untracked 
|  41|0x00000000c2900000, 0x00000000c2a00000, 0x00000000c2a00000|100%| O|  |TAMS 0x00000000c2900000| PB 0x00000000c2900000| Untracked 
|  42|0x00000000c2a00000, 0x00000000c2b00000, 0x00000000c2b00000|100%| O|  |TAMS 0x00000000c2a00000| PB 0x00000000c2a00000| Untracked 
|  43|0x00000000c2b00000, 0x00000000c2c00000, 0x00000000c2c00000|100%| O|  |TAMS 0x00000000c2b00000| PB 0x00000000c2b00000| Untracked 
|  44|0x00000000c2c00000, 0x00000000c2d00000, 0x00000000c2d00000|100%| O|  |TAMS 0x00000000c2c00000| PB 0x00000000c2c00000| Untracked 
|  45|0x00000000c2d00000, 0x00000000c2e00000, 0x00000000c2e00000|100%| O|  |TAMS 0x00000000c2d00000| PB 0x00000000c2d00000| Untracked 
|  46|0x00000000c2e00000, 0x00000000c2f00000, 0x00000000c2f00000|100%| O|  |TAMS 0x00000000c2e00000| PB 0x00000000c2e00000| Untracked 
|  47|0x00000000c2f00000, 0x00000000c3000000, 0x00000000c3000000|100%| O|  |TAMS 0x00000000c2f00000| PB 0x00000000c2f00000| Untracked 
|  48|0x00000000c3000000, 0x00000000c3100000, 0x00000000c3100000|100%| O|  |TAMS 0x00000000c3000000| PB 0x00000000c3000000| Untracked 
|  49|0x00000000c3100000, 0x00000000c3100000, 0x00000000c3200000|  0%| F|  |TAMS 0x00000000c3100000| PB 0x00000000c3100000| Untracked 
|  50|0x00000000c3200000, 0x00000000c3300000, 0x00000000c3300000|100%| O|  |TAMS 0x00000000c3200000| PB 0x00000000c3200000| Untracked 
|  51|0x00000000c3300000, 0x00000000c3400000, 0x00000000c3400000|100%| O|  |TAMS 0x00000000c3300000| PB 0x00000000c3300000| Untracked 
|  52|0x00000000c3400000, 0x00000000c3400000, 0x00000000c3500000|  0%| F|  |TAMS 0x00000000c3400000| PB 0x00000000c3400000| Untracked 
|  53|0x00000000c3500000, 0x00000000c3600000, 0x00000000c3600000|100%| O|  |TAMS 0x00000000c3500000| PB 0x00000000c3500000| Untracked 
|  54|0x00000000c3600000, 0x00000000c3700000, 0x00000000c3700000|100%| O|  |TAMS 0x00000000c3600000| PB 0x00000000c3600000| Untracked 
|  55|0x00000000c3700000, 0x00000000c3800000, 0x00000000c3800000|100%| O|  |TAMS 0x00000000c3700000| PB 0x00000000c3700000| Untracked 
|  56|0x00000000c3800000, 0x00000000c3900000, 0x00000000c3900000|100%| O|  |TAMS 0x00000000c3800000| PB 0x00000000c3800000| Untracked 
|  57|0x00000000c3900000, 0x00000000c3a00000, 0x00000000c3a00000|100%| O|  |TAMS 0x00000000c3900000| PB 0x00000000c3900000| Untracked 
|  58|0x00000000c3a00000, 0x00000000c3b00000, 0x00000000c3b00000|100%| O|  |TAMS 0x00000000c3a00000| PB 0x00000000c3a00000| Untracked 
|  59|0x00000000c3b00000, 0x00000000c3c00000, 0x00000000c3c00000|100%| O|  |TAMS 0x00000000c3b00000| PB 0x00000000c3b00000| Untracked 
|  60|0x00000000c3c00000, 0x00000000c3d00000, 0x00000000c3d00000|100%| O|  |TAMS 0x00000000c3c00000| PB 0x00000000c3c00000| Untracked 
|  61|0x00000000c3d00000, 0x00000000c3dcbf68, 0x00000000c3e00000| 79%| O|  |TAMS 0x00000000c3d00000| PB 0x00000000c3d00000| Untracked 
|  62|0x00000000c3e00000, 0x00000000c3e00000, 0x00000000c3f00000|  0%| F|  |TAMS 0x00000000c3e00000| PB 0x00000000c3e00000| Untracked 
|  63|0x00000000c3f00000, 0x00000000c3f00000, 0x00000000c4000000|  0%| F|  |TAMS 0x00000000c3f00000| PB 0x00000000c3f00000| Untracked 
|  64|0x00000000c4000000, 0x00000000c4000000, 0x00000000c4100000|  0%| F|  |TAMS 0x00000000c4000000| PB 0x00000000c4000000| Untracked 
|  65|0x00000000c4100000, 0x00000000c4100000, 0x00000000c4200000|  0%| F|  |TAMS 0x00000000c4100000| PB 0x00000000c4100000| Untracked 
|  66|0x00000000c4200000, 0x00000000c4200000, 0x00000000c4300000|  0%| F|  |TAMS 0x00000000c4200000| PB 0x00000000c4200000| Untracked 
|  67|0x00000000c4300000, 0x00000000c4300000, 0x00000000c4400000|  0%| F|  |TAMS 0x00000000c4300000| PB 0x00000000c4300000| Untracked 
|  68|0x00000000c4400000, 0x00000000c4400000, 0x00000000c4500000|  0%| F|  |TAMS 0x00000000c4400000| PB 0x00000000c4400000| Untracked 
|  69|0x00000000c4500000, 0x00000000c4596d00, 0x00000000c4600000| 58%| S|CS|TAMS 0x00000000c4500000| PB 0x00000000c4500000| Complete 
|  70|0x00000000c4600000, 0x00000000c4700000, 0x00000000c4700000|100%| S|CS|TAMS 0x00000000c4600000| PB 0x00000000c4600000| Complete 
|  71|0x00000000c4700000, 0x00000000c4700000, 0x00000000c4800000|  0%| F|  |TAMS 0x00000000c4700000| PB 0x00000000c4700000| Untracked 
|  72|0x00000000c4800000, 0x00000000c4800000, 0x00000000c4900000|  0%| F|  |TAMS 0x00000000c4800000| PB 0x00000000c4800000| Untracked 
|  73|0x00000000c4900000, 0x00000000c4900000, 0x00000000c4a00000|  0%| F|  |TAMS 0x00000000c4900000| PB 0x00000000c4900000| Untracked 
|  74|0x00000000c4a00000, 0x00000000c4a00000, 0x00000000c4b00000|  0%| F|  |TAMS 0x00000000c4a00000| PB 0x00000000c4a00000| Untracked 
|  75|0x00000000c4b00000, 0x00000000c4b00000, 0x00000000c4c00000|  0%| F|  |TAMS 0x00000000c4b00000| PB 0x00000000c4b00000| Untracked 
|  76|0x00000000c4c00000, 0x00000000c4c00000, 0x00000000c4d00000|  0%| F|  |TAMS 0x00000000c4c00000| PB 0x00000000c4c00000| Untracked 
|  77|0x00000000c4d00000, 0x00000000c4d00000, 0x00000000c4e00000|  0%| F|  |TAMS 0x00000000c4d00000| PB 0x00000000c4d00000| Untracked 
|  78|0x00000000c4e00000, 0x00000000c4e7c1b8, 0x00000000c4f00000| 48%| E|  |TAMS 0x00000000c4e00000| PB 0x00000000c4e00000| Complete 
|  79|0x00000000c4f00000, 0x00000000c5000000, 0x00000000c5000000|100%| E|CS|TAMS 0x00000000c4f00000| PB 0x00000000c4f00000| Complete 
|  80|0x00000000c5000000, 0x00000000c5100000, 0x00000000c5100000|100%| E|CS|TAMS 0x00000000c5000000| PB 0x00000000c5000000| Complete 
|  81|0x00000000c5100000, 0x00000000c5200000, 0x00000000c5200000|100%| E|CS|TAMS 0x00000000c5100000| PB 0x00000000c5100000| Complete 
|  82|0x00000000c5200000, 0x00000000c5300000, 0x00000000c5300000|100%| E|CS|TAMS 0x00000000c5200000| PB 0x00000000c5200000| Complete 
|  83|0x00000000c5300000, 0x00000000c5400000, 0x00000000c5400000|100%| E|CS|TAMS 0x00000000c5300000| PB 0x00000000c5300000| Complete 
|  84|0x00000000c5400000, 0x00000000c5500000, 0x00000000c5500000|100%| E|CS|TAMS 0x00000000c5400000| PB 0x00000000c5400000| Complete 
|  85|0x00000000c5500000, 0x00000000c5600000, 0x00000000c5600000|100%| E|CS|TAMS 0x00000000c5500000| PB 0x00000000c5500000| Complete 
|  86|0x00000000c5600000, 0x00000000c5700000, 0x00000000c5700000|100%| E|CS|TAMS 0x00000000c5600000| PB 0x00000000c5600000| Complete 
|  87|0x00000000c5700000, 0x00000000c5800000, 0x00000000c5800000|100%| E|CS|TAMS 0x00000000c5700000| PB 0x00000000c5700000| Complete 
|  88|0x00000000c5800000, 0x00000000c5900000, 0x00000000c5900000|100%| E|CS|TAMS 0x00000000c5800000| PB 0x00000000c5800000| Complete 
|  89|0x00000000c5900000, 0x00000000c5a00000, 0x00000000c5a00000|100%| E|CS|TAMS 0x00000000c5900000| PB 0x00000000c5900000| Complete 
|  90|0x00000000c5a00000, 0x00000000c5b00000, 0x00000000c5b00000|100%| E|CS|TAMS 0x00000000c5a00000| PB 0x00000000c5a00000| Complete 
|  91|0x00000000c5b00000, 0x00000000c5c00000, 0x00000000c5c00000|100%| E|CS|TAMS 0x00000000c5b00000| PB 0x00000000c5b00000| Complete 
|  92|0x00000000c5c00000, 0x00000000c5d00000, 0x00000000c5d00000|100%| E|CS|TAMS 0x00000000c5c00000| PB 0x00000000c5c00000| Complete 
|  93|0x00000000c5d00000, 0x00000000c5e00000, 0x00000000c5e00000|100%| E|CS|TAMS 0x00000000c5d00000| PB 0x00000000c5d00000| Complete 
|  94|0x00000000c5e00000, 0x00000000c5f00000, 0x00000000c5f00000|100%| E|  |TAMS 0x00000000c5e00000| PB 0x00000000c5e00000| Complete 
|  95|0x00000000c5f00000, 0x00000000c6000000, 0x00000000c6000000|100%| E|CS|TAMS 0x00000000c5f00000| PB 0x00000000c5f00000| Complete 
|1020|0x00000000ffc00000, 0x00000000ffd00000, 0x00000000ffd00000|100%| E|CS|TAMS 0x00000000ffc00000| PB 0x00000000ffc00000| Complete 
|1021|0x00000000ffd00000, 0x00000000ffe00000, 0x00000000ffe00000|100%| O|  |TAMS 0x00000000ffd00000| PB 0x00000000ffd00000| Untracked 
|1022|0x00000000ffe00000, 0x00000000fff00000, 0x00000000fff00000|100%| O|  |TAMS 0x00000000ffe00000| PB 0x00000000ffe00000| Untracked 
|1023|0x00000000fff00000, 0x0000000100000000, 0x0000000100000000|100%| O|  |TAMS 0x00000000fff00000| PB 0x00000000fff00000| Untracked 

Card table byte_map: [0x000002b9f6a30000,0x000002b9f6c30000] _byte_map_base: 0x000002b9f6430000

Marking Bits: (CMBitMap*) 0x000002b9e470f280
 Bits: [0x000002b9f6c30000, 0x000002b9f7c30000)

Polling page: 0x000002b9e24a0000

Metaspace:

Usage:
  Non-class:     64.76 MB used.
      Class:      7.94 MB used.
       Both:     72.71 MB used.

Virtual space:
  Non-class space:      128.00 MB reserved,      64.94 MB ( 51%) committed,  2 nodes.
      Class space:        1.00 GB reserved,       8.06 MB ( <1%) committed,  1 nodes.
             Both:        1.12 GB reserved,      73.00 MB (  6%) committed. 

Chunk freelists:
   Non-Class:  14.94 MB
       Class:  7.89 MB
        Both:  22.82 MB

MaxMetaspaceSize: unlimited
CompressedClassSpaceSize: 1.00 GB
Initial GC threshold: 21.00 MB
Current GC threshold: 107.62 MB
CDS: off
 - commit_granule_bytes: 65536.
 - commit_granule_words: 8192.
 - virtual_space_node_default_size: 8388608.
 - enlarge_chunks_in_place: 1.
 - use_allocation_guard: 0.


Internal statistics:

num_allocs_failed_limit: 6.
num_arena_births: 342.
num_arena_deaths: 0.
num_vsnodes_births: 3.
num_vsnodes_deaths: 0.
num_space_committed: 1168.
num_space_uncommitted: 0.
num_chunks_returned_to_freelist: 6.
num_chunks_taken_from_freelist: 2626.
num_chunk_merges: 6.
num_chunk_splits: 2211.
num_chunks_enlarged: 2030.
num_inconsistent_stats: 0.

CodeHeap 'non-profiled nmethods': size=120000Kb used=3306Kb max_used=3306Kb free=116693Kb
 bounds [0x000002b9ef300000, 0x000002b9ef640000, 0x000002b9f6830000]
CodeHeap 'profiled nmethods': size=120000Kb used=19122Kb max_used=19122Kb free=100877Kb
 bounds [0x000002b9e7830000, 0x000002b9e8ae0000, 0x000002b9eed60000]
CodeHeap 'non-nmethods': size=5760Kb used=1757Kb max_used=1797Kb free=4002Kb
 bounds [0x000002b9eed60000, 0x000002b9eefd0000, 0x000002b9ef300000]
 total_blobs=6969 nmethods=6189 adapters=681
 compilation: enabled
              stopped_count=0, restarted_count=0
 full_count=0

Compilation events (20 events):
Event: 16.342 Thread 0x000002b9fa2d0ed0 nmethod 6829 0x000002b9e8ab3990 code [0x000002b9e8ab3b80, 0x000002b9e8ab3e48]
Event: 16.342 Thread 0x000002b9fa2d0ed0 6830       2       org.jetbrains.kotlin.backend.jvm.ir.JvmIrUtilsKt::getJvmVisibilityOfDefaultArgumentStub (42 bytes)
Event: 16.342 Thread 0x000002b9fa2d0ed0 nmethod 6830 0x000002b9e8ab4010 code [0x000002b9e8ab4260, 0x000002b9e8ab4738]
Event: 16.342 Thread 0x000002b9fa2d0ed0 6833       2       org.jetbrains.kotlin.backend.jvm.lower.JvmDefaultArgumentStubGenerator::useConstructorMarker (51 bytes)
Event: 16.343 Thread 0x000002b9fa2d0ed0 nmethod 6833 0x000002b9e8ab4a90 code [0x000002b9e8ab4d40, 0x000002b9e8ab53e8]
Event: 16.343 Thread 0x000002b9fa2d0ed0 6834       2       org.jetbrains.kotlin.backend.common.Mapping$MapBasedMapping::get (17 bytes)
Event: 16.343 Thread 0x000002b9fa2d0ed0 nmethod 6834 0x000002b9e8ab5890 code [0x000002b9e8ab5a80, 0x000002b9e8ab5d78]
Event: 16.343 Thread 0x000002b9fa2d0ed0 6835       2       org.jetbrains.kotlin.backend.common.Mapping::getDefaultArgumentsDispatchFunction (17 bytes)
Event: 16.344 Thread 0x000002b9fa2d0ed0 nmethod 6835 0x000002b9e8ab5f90 code [0x000002b9e8ab6200, 0x000002b9e8ab67f0]
Event: 16.344 Thread 0x000002b9fa2d0ed0 6836       2       org.jetbrains.kotlin.backend.common.Mapping$AttributeBasedMappingDelegate::getValue (22 bytes)
Event: 16.345 Thread 0x000002b9fa2d0ed0 nmethod 6836 0x000002b9e8ab6c10 code [0x000002b9e8ab6e80, 0x000002b9e8ab7450]
Event: 16.345 Thread 0x000002b9fa2d0ed0 6831       2       org.jetbrains.kotlin.backend.jvm.ir.JvmIrInlineUtilsKt::isInlineOnly (98 bytes)
Event: 16.345 Thread 0x000002b9fa2d0ed0 nmethod 6831 0x000002b9e8ab7810 code [0x000002b9e8ab7a60, 0x000002b9e8ab7fc8]
Event: 16.353 Thread 0x000002b9fa2d0ed0 6838       2       java.lang.invoke.MethodHandles$Lookup::linkMethodHandleConstant (223 bytes)
Event: 16.354 Thread 0x000002b9fa2d0ed0 nmethod 6838 0x000002b9e8ab8290 code [0x000002b9e8ab85c0, 0x000002b9e8ab9018]
Event: 16.356 Thread 0x000002b9fa2d0ed0 6839       3       java.lang.ClassLoader::loadClass (7 bytes)
Event: 16.356 Thread 0x000002b9fa2d0ed0 nmethod 6839 0x000002b9e8ab9590 code [0x000002b9e8ab9740, 0x000002b9e8ab9908]
Event: 16.360 Thread 0x000002b9fa2d0ed0 6844       2       java.lang.invoke.LambdaForm::normalizeNames (270 bytes)
Event: 16.361 Thread 0x000002b9fa2d0ed0 nmethod 6844 0x000002b9e8ab9990 code [0x000002b9e8ab9be0, 0x000002b9e8aba510]
Event: 16.365 Thread 0x000002b9fa2d0ed0 6845       2       org.jetbrains.kotlin.ir.visitors.IrElementTransformerVoid::visitGetValue (16 bytes)

GC Heap History (20 events):
Event: 9.663 GC heap before
{Heap before GC invocations=19 (full 0):
 garbage-first heap   total 60416K, used 48682K [0x00000000c0000000, 0x0000000100000000)
  region size 1024K, 12 young (12288K), 2 survivors (2048K)
 Metaspace       used 55352K, committed 55616K, reserved 1114112K
  class space    used 6403K, committed 6528K, reserved 1048576K
}
Event: 9.672 GC heap after
{Heap after GC invocations=20 (full 0):
 garbage-first heap   total 60416K, used 40182K [0x00000000c0000000, 0x0000000100000000)
  region size 1024K, 1 young (1024K), 1 survivors (1024K)
 Metaspace       used 55352K, committed 55616K, reserved 1114112K
  class space    used 6403K, committed 6528K, reserved 1048576K
}
Event: 10.233 GC heap before
{Heap before GC invocations=20 (full 0):
 garbage-first heap   total 60416K, used 51446K [0x00000000c0000000, 0x0000000100000000)
  region size 1024K, 12 young (12288K), 1 survivors (1024K)
 Metaspace       used 57502K, committed 57856K, reserved 1114112K
  class space    used 6632K, committed 6784K, reserved 1048576K
}
Event: 10.240 GC heap after
{Heap after GC invocations=21 (full 0):
 garbage-first heap   total 60416K, used 42240K [0x00000000c0000000, 0x0000000100000000)
  region size 1024K, 2 young (2048K), 2 survivors (2048K)
 Metaspace       used 57502K, committed 57856K, reserved 1114112K
  class space    used 6632K, committed 6784K, reserved 1048576K
}
Event: 10.704 GC heap before
{Heap before GC invocations=22 (full 0):
 garbage-first heap   total 71680K, used 52480K [0x00000000c0000000, 0x0000000100000000)
  region size 1024K, 12 young (12288K), 2 survivors (2048K)
 Metaspace       used 59024K, committed 59392K, reserved 1114112K
  class space    used 6830K, committed 6976K, reserved 1048576K
}
Event: 10.715 GC heap after
{Heap after GC invocations=23 (full 0):
 garbage-first heap   total 71680K, used 44513K [0x00000000c0000000, 0x0000000100000000)
  region size 1024K, 2 young (2048K), 2 survivors (2048K)
 Metaspace       used 59024K, committed 59392K, reserved 1114112K
  class space    used 6830K, committed 6976K, reserved 1048576K
}
Event: 11.369 GC heap before
{Heap before GC invocations=23 (full 0):
 garbage-first heap   total 71680K, used 60897K [0x00000000c0000000, 0x0000000100000000)
  region size 1024K, 18 young (18432K), 2 survivors (2048K)
 Metaspace       used 59460K, committed 59776K, reserved 1114112K
  class space    used 6837K, committed 6976K, reserved 1048576K
}
Event: 11.387 GC heap after
{Heap after GC invocations=24 (full 0):
 garbage-first heap   total 71680K, used 48812K [0x00000000c0000000, 0x0000000100000000)
  region size 1024K, 3 young (3072K), 3 survivors (3072K)
 Metaspace       used 59460K, committed 59776K, reserved 1114112K
  class space    used 6837K, committed 6976K, reserved 1048576K
}
Event: 11.863 GC heap before
{Heap before GC invocations=24 (full 0):
 garbage-first heap   total 71680K, used 62124K [0x00000000c0000000, 0x0000000100000000)
  region size 1024K, 16 young (16384K), 3 survivors (3072K)
 Metaspace       used 59640K, committed 59968K, reserved 1114112K
  class space    used 6838K, committed 6976K, reserved 1048576K
}
Event: 11.882 GC heap after
{Heap after GC invocations=25 (full 0):
 garbage-first heap   total 87040K, used 52557K [0x00000000c0000000, 0x0000000100000000)
  region size 1024K, 2 young (2048K), 2 survivors (2048K)
 Metaspace       used 59640K, committed 59968K, reserved 1114112K
  class space    used 6838K, committed 6976K, reserved 1048576K
}
Event: 12.735 GC heap before
{Heap before GC invocations=26 (full 0):
 garbage-first heap   total 89088K, used 70989K [0x00000000c0000000, 0x0000000100000000)
  region size 1024K, 21 young (21504K), 2 survivors (2048K)
 Metaspace       used 61685K, committed 62016K, reserved 1114112K
  class space    used 7045K, committed 7168K, reserved 1048576K
}
Event: 12.749 GC heap after
{Heap after GC invocations=27 (full 0):
 garbage-first heap   total 89088K, used 55718K [0x00000000c0000000, 0x0000000100000000)
  region size 1024K, 3 young (3072K), 3 survivors (3072K)
 Metaspace       used 61685K, committed 62016K, reserved 1114112K
  class space    used 7045K, committed 7168K, reserved 1048576K
}
Event: 13.777 GC heap before
{Heap before GC invocations=27 (full 0):
 garbage-first heap   total 89088K, used 74150K [0x00000000c0000000, 0x0000000100000000)
  region size 1024K, 22 young (22528K), 3 survivors (3072K)
 Metaspace       used 65568K, committed 65856K, reserved 1114112K
  class space    used 7390K, committed 7488K, reserved 1048576K
}
Event: 13.794 GC heap after
{Heap after GC invocations=28 (full 0):
 garbage-first heap   total 89088K, used 57603K [0x00000000c0000000, 0x0000000100000000)
  region size 1024K, 2 young (2048K), 2 survivors (2048K)
 Metaspace       used 65568K, committed 65856K, reserved 1114112K
  class space    used 7390K, committed 7488K, reserved 1048576K
}
Event: 14.211 GC heap before
{Heap before GC invocations=28 (full 0):
 garbage-first heap   total 89088K, used 77059K [0x00000000c0000000, 0x0000000100000000)
  region size 1024K, 21 young (21504K), 2 survivors (2048K)
 Metaspace       used 65790K, committed 66112K, reserved 1114112K
  class space    used 7397K, committed 7552K, reserved 1048576K
}
Event: 14.225 GC heap after
{Heap after GC invocations=29 (full 0):
 garbage-first heap   total 89088K, used 61207K [0x00000000c0000000, 0x0000000100000000)
  region size 1024K, 3 young (3072K), 3 survivors (3072K)
 Metaspace       used 65790K, committed 66112K, reserved 1114112K
  class space    used 7397K, committed 7552K, reserved 1048576K
}
Event: 14.904 GC heap before
{Heap before GC invocations=30 (full 0):
 garbage-first heap   total 102400K, used 78615K [0x00000000c0000000, 0x0000000100000000)
  region size 1024K, 20 young (20480K), 3 survivors (3072K)
 Metaspace       used 66970K, committed 67264K, reserved 1114112K
  class space    used 7468K, committed 7616K, reserved 1048576K
}
Event: 14.919 GC heap after
{Heap after GC invocations=31 (full 0):
 garbage-first heap   total 102400K, used 64512K [0x00000000c0000000, 0x0000000100000000)
  region size 1024K, 3 young (3072K), 3 survivors (3072K)
 Metaspace       used 66970K, committed 67264K, reserved 1114112K
  class space    used 7468K, committed 7616K, reserved 1048576K
}
Event: 15.783 GC heap before
{Heap before GC invocations=31 (full 0):
 garbage-first heap   total 102400K, used 87040K [0x00000000c0000000, 0x0000000100000000)
  region size 1024K, 26 young (26624K), 3 survivors (3072K)
 Metaspace       used 72309K, committed 72640K, reserved 1114112K
  class space    used 7960K, committed 8064K, reserved 1048576K
}
Event: 15.797 GC heap after
{Heap after GC invocations=32 (full 0):
 garbage-first heap   total 102400K, used 65931K [0x00000000c0000000, 0x0000000100000000)
  region size 1024K, 2 young (2048K), 2 survivors (2048K)
 Metaspace       used 72309K, committed 72640K, reserved 1114112K
  class space    used 7960K, committed 8064K, reserved 1048576K
}

Dll operation events (3 events):
Event: 0.020 Loaded shared library C:\Program Files\Android\Android Studio\jbr\bin\java.dll
Event: 0.035 Loaded shared library C:\Program Files\Android\Android Studio\jbr\bin\zip.dll
Event: 2.448 Loaded shared library C:\Program Files\Android\Android Studio\jbr\bin\verify.dll

Deoptimization events (20 events):
Event: 16.297 Thread 0x000002b9e46d9110 Uncommon trap: trap_request=0xffffffde fr.pc=0x000002b9ef3c9c14 relative=0x00000000000004f4
Event: 16.297 Thread 0x000002b9e46d9110 Uncommon trap: reason=class_check action=maybe_recompile pc=0x000002b9ef3c9c14 method=java.util.regex.Matcher.search(I)Z @ 121 c2
Event: 16.297 Thread 0x000002b9e46d9110 DEOPT PACKING pc=0x000002b9ef3c9c14 sp=0x000000bf68efce90
Event: 16.297 Thread 0x000002b9e46d9110 DEOPT UNPACKING pc=0x000002b9eedb46a2 sp=0x000000bf68efce40 mode 2
Event: 16.297 Thread 0x000002b9e46d9110 Uncommon trap: trap_request=0xffffffde fr.pc=0x000002b9ef3c9c14 relative=0x00000000000004f4
Event: 16.297 Thread 0x000002b9e46d9110 Uncommon trap: reason=class_check action=maybe_recompile pc=0x000002b9ef3c9c14 method=java.util.regex.Matcher.search(I)Z @ 121 c2
Event: 16.297 Thread 0x000002b9e46d9110 DEOPT PACKING pc=0x000002b9ef3c9c14 sp=0x000000bf68efce90
Event: 16.297 Thread 0x000002b9e46d9110 DEOPT UNPACKING pc=0x000002b9eedb46a2 sp=0x000000bf68efce40 mode 2
Event: 16.298 Thread 0x000002b9e46d9110 Uncommon trap: trap_request=0xffffffde fr.pc=0x000002b9ef3c9c14 relative=0x00000000000004f4
Event: 16.298 Thread 0x000002b9e46d9110 Uncommon trap: reason=class_check action=maybe_recompile pc=0x000002b9ef3c9c14 method=java.util.regex.Matcher.search(I)Z @ 121 c2
Event: 16.298 Thread 0x000002b9e46d9110 DEOPT PACKING pc=0x000002b9ef3c9c14 sp=0x000000bf68efce90
Event: 16.298 Thread 0x000002b9e46d9110 DEOPT UNPACKING pc=0x000002b9eedb46a2 sp=0x000000bf68efce40 mode 2
Event: 16.298 Thread 0x000002b9e46d9110 Uncommon trap: trap_request=0xffffffde fr.pc=0x000002b9ef3c9c14 relative=0x00000000000004f4
Event: 16.298 Thread 0x000002b9e46d9110 Uncommon trap: reason=class_check action=maybe_recompile pc=0x000002b9ef3c9c14 method=java.util.regex.Matcher.search(I)Z @ 121 c2
Event: 16.298 Thread 0x000002b9e46d9110 DEOPT PACKING pc=0x000002b9ef3c9c14 sp=0x000000bf68efce90
Event: 16.298 Thread 0x000002b9e46d9110 DEOPT UNPACKING pc=0x000002b9eedb46a2 sp=0x000000bf68efce40 mode 2
Event: 16.342 Thread 0x000002b9e46d9110 Uncommon trap: trap_request=0xffffffde fr.pc=0x000002b9ef5d0f6c relative=0x000000000000218c
Event: 16.342 Thread 0x000002b9e46d9110 Uncommon trap: reason=class_check action=maybe_recompile pc=0x000002b9ef5d0f6c method=org.jetbrains.kotlin.fir.backend.Fir2IrSymbolsMappingForLazyClassesKt$$Lambda/0x000000010073a3b0.invoke(Ljava/lang/Object;Ljava/lang/Object;)Ljava/lang/Object; @ 5 c2
Event: 16.342 Thread 0x000002b9e46d9110 DEOPT PACKING pc=0x000002b9ef5d0f6c sp=0x000000bf68efcf80
Event: 16.342 Thread 0x000002b9e46d9110 DEOPT UNPACKING pc=0x000002b9eedb46a2 sp=0x000000bf68efcf38 mode 2

Classes loaded (20 events):
Event: 12.465 Loading class jdk/internal/loader/BuiltinClassLoader$1
Event: 12.466 Loading class jdk/internal/loader/BuiltinClassLoader$1 done
Event: 12.466 Loading class java/lang/CompoundEnumeration
Event: 12.467 Loading class java/lang/CompoundEnumeration done
Event: 12.467 Loading class jdk/internal/loader/URLClassPath$1
Event: 12.467 Loading class jdk/internal/loader/URLClassPath$1 done
Event: 12.472 Loading class java/util/ServiceLoader$1
Event: 12.472 Loading class java/util/ServiceLoader$1 done
Event: 12.472 Loading class java/util/ServiceLoader$ProviderImpl
Event: 12.472 Loading class java/util/ServiceLoader$Provider
Event: 12.472 Loading class java/util/ServiceLoader$Provider done
Event: 12.472 Loading class java/util/ServiceLoader$ProviderImpl done
Event: 12.965 Loading class java/lang/Byte$ByteCache
Event: 12.965 Loading class java/lang/Byte$ByteCache done
Event: 14.798 Loading class java/lang/Short$ShortCache
Event: 14.798 Loading class java/lang/Short$ShortCache done
Event: 15.390 Loading class java/util/Collections$SynchronizedMap
Event: 15.390 Loading class java/util/Collections$SynchronizedMap done
Event: 15.702 Loading class java/util/regex/Pattern$StartS
Event: 15.702 Loading class java/util/regex/Pattern$StartS done

Classes unloaded (0 events):
No events

Classes redefined (0 events):
No events

Internal exceptions (20 events):
Event: 7.154 Thread 0x000002b9e46d9110 Exception <a 'java/lang/NoSuchMethodError'{0x00000000c1dc2578}: 'java.lang.Object java.lang.invoke.DirectMethodHandle$Holder.invokeSpecial(java.lang.Object, java.lang.Object, java.lang.Object, java.lang.Object, int)'> (0x00000000c1dc2578) 
thrown [s\src\hotspot\share\interpreter\linkResolver.cpp, line 784]
Event: 7.155 Thread 0x000002b9e46d9110 Exception <a 'java/lang/NoSuchMethodError'{0x00000000c1dc5cd0}: 'java.lang.Object java.lang.invoke.Invokers$Holder.linkToTargetMethod(java.lang.Object, java.lang.Object, int, java.lang.Object)'> (0x00000000c1dc5cd0) 
thrown [s\src\hotspot\share\interpreter\linkResolver.cpp, line 784]
Event: 7.165 Thread 0x000002b9e46d9110 Exception <a 'java/lang/NoSuchMethodError'{0x00000000c1ddab28}: 'java.lang.Object java.lang.invoke.DirectMethodHandle$Holder.newInvokeSpecial(java.lang.Object, int, java.lang.Object)'> (0x00000000c1ddab28) 
thrown [s\src\hotspot\share\interpreter\linkResolver.cpp, line 784]
Event: 7.191 Thread 0x000002b9e46d9110 Exception <a 'java/lang/NoSuchMethodError'{0x00000000c1c38a70}: 'java.lang.Object java.lang.invoke.DirectMethodHandle$Holder.newInvokeSpecial(java.lang.Object, java.lang.Object, java.lang.Object, java.lang.Object, int, java.lang.Object, java.lang.Object)'> (0x00000000c1c38a70) 
thrown [s\src\hotspot\share\interpreter\linkResolver.cpp, line 784]
Event: 7.192 Thread 0x000002b9e46d9110 Exception <a 'java/lang/NoSuchMethodError'{0x00000000c1c40c50}: 'java.lang.Object java.lang.invoke.Invokers$Holder.linkToTargetMethod(java.lang.Object, java.lang.Object, java.lang.Object, int, java.lang.Object, java.lang.Object, java.lang.Object)'> (0x00000000c1c40c50) 
thrown [s\src\hotspot\share\interpreter\linkResolver.cpp, line 784]
Event: 7.367 Thread 0x000002b9e46d9110 Exception <a 'java/lang/NoSuchMethodError'{0x00000000c3f0ef88}: 'java.lang.Object java.lang.invoke.DirectMethodHandle$Holder.invokeSpecial(java.lang.Object, java.lang.Object, int, java.lang.Object, java.lang.Object)'> (0x00000000c3f0ef88) 
thrown [s\src\hotspot\share\interpreter\linkResolver.cpp, line 784]
Event: 7.423 Thread 0x000002b9e46d9110 Exception <a 'java/lang/NoSuchMethodError'{0x00000000c3339a10}: 'java.lang.Object java.lang.invoke.DirectMethodHandle$Holder.invokeStatic(java.lang.Object, int, java.lang.Object, java.lang.Object)'> (0x00000000c3339a10) 
thrown [s\src\hotspot\share\interpreter\linkResolver.cpp, line 784]
Event: 9.161 Thread 0x000002b9e46d9110 Exception <a 'java/lang/NoSuchMethodError'{0x00000000c2d91a48}: 'java.lang.Object java.lang.invoke.DirectMethodHandle$Holder.invokeStatic(java.lang.Object, java.lang.Object, java.lang.Object, int, java.lang.Object, java.lang.Object)'> (0x00000000c2d91a48) 
thrown [s\src\hotspot\share\interpreter\linkResolver.cpp, line 784]
Event: 9.256 Thread 0x000002b9e46d9110 Exception <a 'java/lang/NoSuchMethodError'{0x00000000ffcbae30}: 'java.lang.Object java.lang.invoke.Invokers$Holder.invokeExact_MT(java.lang.Object, java.lang.Object, java.lang.Object, java.lang.Object, java.lang.Object, java.lang.Object)'> (0x00000000ffcbae30) 
thrown [s\src\hotspot\share\interpreter\linkResolver.cpp, line 784]
Event: 10.504 Thread 0x000002b9e46d9110 Implicit null exception at 0x000002b9ef3d7160 to 0x000002b9ef3d7274
Event: 10.614 Thread 0x000002b9e46d9110 Exception <a 'java/lang/NoSuchMethodError'{0x00000000c3b0d628}: 'java.lang.Object java.lang.invoke.DirectMethodHandle$Holder.invokeSpecial(java.lang.Object, java.lang.Object, java.lang.Object, int, java.lang.Object, java.lang.Object, java.lang.Object)'> (0x00000000c3b0d628) 
thrown [s\src\hotspot\share\interpreter\linkResolver.cpp, line 784]
Event: 10.614 Thread 0x000002b9e46d9110 Exception <a 'java/lang/NoSuchMethodError'{0x00000000c3b10ca0}: 'java.lang.Object java.lang.invoke.Invokers$Holder.linkToTargetMethod(java.lang.Object, int, java.lang.Object, java.lang.Object, java.lang.Object, java.lang.Object)'> (0x00000000c3b10ca0) 
thrown [s\src\hotspot\share\interpreter\linkResolver.cpp, line 784]
Event: 12.626 Thread 0x000002b9e46d9110 Implicit null exception at 0x000002b9ef332ca0 to 0x000002b9ef333258
Event: 12.642 Thread 0x000002b9e46d9110 Implicit null exception at 0x000002b9ef336da0 to 0x000002b9ef33734c
Event: 13.075 Thread 0x000002b9e46d9110 Exception <a 'java/lang/NoSuchMethodError'{0x00000000c498f208}: 'java.lang.Object java.lang.invoke.DirectMethodHandle$Holder.newInvokeSpecial(java.lang.Object, java.lang.Object, java.lang.Object, java.lang.Object, java.lang.Object, java.lang.Object, java.lang.Object, java.lang.Object, int)'> (0x00000000c498f208) 
thrown [s\src\hotspot\share\interpreter\linkResolver.cpp, line 784]
Event: 13.076 Thread 0x000002b9e46d9110 Exception <a 'java/lang/NoSuchMethodError'{0x00000000c4993f88}: 'java.lang.Object java.lang.invoke.DirectMethodHandle$Holder.invokeSpecial(java.lang.Object, java.lang.Object, java.lang.Object, java.lang.Object, java.lang.Object, java.lang.Object, java.lang.Object, java.lang.Object, java.lang.Object, int)'> (0x00000000c4993f88) 
thrown [s\src\hotspot\share\interpreter\linkResolver.cpp, line 784]
Event: 13.154 Thread 0x000002b9e46d9110 Exception <a 'java/lang/NoSuchMethodError'{0x00000000c478e9c8}: 'java.lang.Object java.lang.invoke.DirectMethodHandle$Holder.invokeStatic(java.lang.Object, java.lang.Object, int, int)'> (0x00000000c478e9c8) 
thrown [s\src\hotspot\share\interpreter\linkResolver.cpp, line 784]
Event: 13.155 Thread 0x000002b9e46d9110 Exception <a 'java/lang/NoSuchMethodError'{0x00000000c47956f0}: 'java.lang.Object java.lang.invoke.DirectMethodHandle$Holder.newInvokeSpecial(java.lang.Object, java.lang.Object, int, int)'> (0x00000000c47956f0) 
thrown [s\src\hotspot\share\interpreter\linkResolver.cpp, line 784]
Event: 13.155 Thread 0x000002b9e46d9110 Exception <a 'java/lang/NoSuchMethodError'{0x00000000c47999b8}: 'java.lang.Object java.lang.invoke.DirectMethodHandle$Holder.invokeSpecial(java.lang.Object, java.lang.Object, java.lang.Object, int, int)'> (0x00000000c47999b8) 
thrown [s\src\hotspot\share\interpreter\linkResolver.cpp, line 784]
Event: 15.500 Thread 0x000002b9e46d9110 Exception <a 'java/lang/NoSuchMethodError'{0x00000000c52d6678}: 'java.lang.Object java.lang.invoke.DirectMethodHandle$Holder.newInvokeSpecial(java.lang.Object, int, java.lang.Object, int)'> (0x00000000c52d6678) 
thrown [s\src\hotspot\share\interpreter\linkResolver.cpp, line 784]

ZGC Phase Switch (0 events):
No events

VM Operations (20 events):
Event: 15.550 Executing VM operation: HandshakeAllThreads (Deoptimize)
Event: 15.550 Executing VM operation: HandshakeAllThreads (Deoptimize) done
Event: 15.615 Executing VM operation: ICBufferFull
Event: 15.615 Executing VM operation: ICBufferFull done
Event: 15.625 Executing VM operation: HandshakeAllThreads (Deoptimize)
Event: 15.625 Executing VM operation: HandshakeAllThreads (Deoptimize) done
Event: 15.783 Executing VM operation: G1CollectForAllocation (G1 Evacuation Pause)
Event: 15.797 Executing VM operation: G1CollectForAllocation (G1 Evacuation Pause) done
Event: 15.808 Executing VM operation: HandshakeAllThreads (Deoptimize)
Event: 15.808 Executing VM operation: HandshakeAllThreads (Deoptimize) done
Event: 15.971 Executing VM operation: HandshakeAllThreads (Deoptimize)
Event: 15.971 Executing VM operation: HandshakeAllThreads (Deoptimize) done
Event: 16.030 Executing VM operation: ICBufferFull
Event: 16.031 Executing VM operation: ICBufferFull done
Event: 16.304 Executing VM operation: HandshakeAllThreads (Deoptimize)
Event: 16.304 Executing VM operation: HandshakeAllThreads (Deoptimize) done
Event: 16.342 Executing VM operation: ICBufferFull
Event: 16.342 Executing VM operation: ICBufferFull done
Event: 16.347 Executing VM operation: HandshakeAllThreads (Deoptimize)
Event: 16.347 Executing VM operation: HandshakeAllThreads (Deoptimize) done

Memory protections (0 events):
No events

Nmethod flushes (20 events):
Event: 14.368 Thread 0x000002b9fa0ca8c0 flushing  nmethod 0x000002b9e7c81390
Event: 14.368 Thread 0x000002b9fa0ca8c0 flushing  nmethod 0x000002b9e7c83210
Event: 14.368 Thread 0x000002b9fa0ca8c0 flushing  nmethod 0x000002b9e7c95010
Event: 14.368 Thread 0x000002b9fa0ca8c0 flushing  nmethod 0x000002b9e7cae690
Event: 14.368 Thread 0x000002b9fa0ca8c0 flushing  nmethod 0x000002b9e7cb9a90
Event: 14.368 Thread 0x000002b9fa0ca8c0 flushing  nmethod 0x000002b9e7cd2610
Event: 14.368 Thread 0x000002b9fa0ca8c0 flushing  nmethod 0x000002b9e7cd3e10
Event: 14.368 Thread 0x000002b9fa0ca8c0 flushing  nmethod 0x000002b9e7d0a810
Event: 14.368 Thread 0x000002b9fa0ca8c0 flushing  nmethod 0x000002b9e7d29a10
Event: 14.368 Thread 0x000002b9fa0ca8c0 flushing  nmethod 0x000002b9e7d43610
Event: 14.368 Thread 0x000002b9fa0ca8c0 flushing  nmethod 0x000002b9e7d90a90
Event: 14.368 Thread 0x000002b9fa0ca8c0 flushing  nmethod 0x000002b9e7da9190
Event: 14.368 Thread 0x000002b9fa0ca8c0 flushing  nmethod 0x000002b9e7dec410
Event: 14.368 Thread 0x000002b9fa0ca8c0 flushing  nmethod 0x000002b9e7e13b10
Event: 14.368 Thread 0x000002b9fa0ca8c0 flushing  nmethod 0x000002b9e7e55a90
Event: 14.368 Thread 0x000002b9fa0ca8c0 flushing  nmethod 0x000002b9e7e56290
Event: 14.368 Thread 0x000002b9fa0ca8c0 flushing  nmethod 0x000002b9e7f42f10
Event: 14.368 Thread 0x000002b9fa0ca8c0 flushing  nmethod 0x000002b9e803ba90
Event: 14.368 Thread 0x000002b9fa0ca8c0 flushing  nmethod 0x000002b9e8045e90
Event: 14.368 Thread 0x000002b9fa0ca8c0 flushing  nmethod 0x000002b9e8140890

Events (20 events):
Event: 0.110 Thread 0x000002b9e46d9110 Thread added: 0x000002b9fa14e330
Event: 0.110 Thread 0x000002b9e46d9110 Thread added: 0x000002b9fa14ed80
Event: 0.110 Thread 0x000002b9e46d9110 Thread added: 0x000002b9fa14f7d0
Event: 0.110 Thread 0x000002b9e46d9110 Thread added: 0x000002b9fa150220
Event: 0.110 Thread 0x000002b9e46d9110 Thread added: 0x000002b9fa152c80
Event: 0.112 Thread 0x000002b9e46d9110 Thread added: 0x000002b9fa2d0ed0
Event: 0.179 Thread 0x000002b9e46d9110 Thread added: 0x000002b9fa439850
Event: 0.186 Thread 0x000002b9e46d9110 Thread added: 0x000002b9fa44ed80
Event: 0.206 Loaded shared library C:\Program Files\Android\Android Studio\jbr\bin\net.dll
Event: 0.213 Loaded shared library C:\Program Files\Android\Android Studio\jbr\bin\nio.dll
Event: 0.324 Loaded shared library C:\Program Files\Android\Android Studio\jbr\bin\zip.dll
Event: 0.430 Loaded shared library C:\Program Files\Android\Android Studio\jbr\bin\jimage.dll
Event: 2.138 Thread 0x000002b9fa2d0ed0 Thread added: 0x000002b9ff53a660
Event: 3.118 Thread 0x000002b9ff53a660 Thread exited: 0x000002b9ff53a660
Event: 3.305 Thread 0x000002b9fa2d0ed0 Thread added: 0x000002b980b47200
Event: 4.164 Thread 0x000002b980b47200 Thread exited: 0x000002b980b47200
Event: 4.857 Thread 0x000002b9fa2d0ed0 Thread added: 0x000002b9ffe56010
Event: 5.487 Thread 0x000002b9ffe56010 Thread exited: 0x000002b9ffe56010
Event: 7.681 Thread 0x000002b9fa2d0ed0 Thread added: 0x000002b981f44510
Event: 8.181 Thread 0x000002b981f44510 Thread exited: 0x000002b981f44510


Dynamic libraries:
0x00007ff656250000 - 0x00007ff65625a000 	C:\Program Files\Android\Android Studio\jbr\bin\java.exe
0x00007ffb11e20000 - 0x00007ffb12083000 	C:\WINDOWS\SYSTEM32\ntdll.dll
0x00007ffb11160000 - 0x00007ffb11227000 	C:\WINDOWS\System32\KERNEL32.DLL
0x00007ffb0f800000 - 0x00007ffb0fba1000 	C:\WINDOWS\System32\KERNELBASE.dll
0x00007ffb0f6b0000 - 0x00007ffb0f7fb000 	C:\WINDOWS\System32\ucrtbase.dll
0x00007ffafda30000 - 0x00007ffafda48000 	C:\Program Files\Android\Android Studio\jbr\bin\jli.dll
0x00007ffb10d70000 - 0x00007ffb10f33000 	C:\WINDOWS\System32\USER32.dll
0x00007ffafd240000 - 0x00007ffafd25b000 	C:\Program Files\Android\Android Studio\jbr\bin\VCRUNTIME140.dll
0x00007ffb0e310000 - 0x00007ffb0e5a0000 	C:\WINDOWS\WinSxS\amd64_microsoft.windows.common-controls_6595b64144ccf1df_6.0.26100.1591_none_3e0fac18e32dc903\COMCTL32.dll
0x00007ffb101f0000 - 0x00007ffb10299000 	C:\WINDOWS\System32\msvcrt.dll
0x00007ffb103a0000 - 0x00007ffb103ca000 	C:\WINDOWS\System32\GDI32.dll
0x00007ffb0fbb0000 - 0x00007ffb0fbd7000 	C:\WINDOWS\System32\win32u.dll
0x00007ffb0f580000 - 0x00007ffb0f6a1000 	C:\WINDOWS\System32\gdi32full.dll
0x00007ffb0f430000 - 0x00007ffb0f4d3000 	C:\WINDOWS\System32\msvcp_win.dll
0x00007ffb11c60000 - 0x00007ffb11c8f000 	C:\WINDOWS\System32\IMM32.DLL
0x00007ffafd230000 - 0x00007ffafd23c000 	C:\Program Files\Android\Android Studio\jbr\bin\vcruntime140_1.dll
0x00007ffafd9a0000 - 0x00007ffafda2d000 	C:\Program Files\Android\Android Studio\jbr\bin\msvcp140.dll
0x00007ffae6280000 - 0x00007ffae6f0b000 	C:\Program Files\Android\Android Studio\jbr\bin\server\jvm.dll
0x00007ffb110a0000 - 0x00007ffb11152000 	C:\WINDOWS\System32\ADVAPI32.dll
0x00007ffb11ca0000 - 0x00007ffb11d47000 	C:\WINDOWS\System32\sechost.dll
0x00007ffb11b40000 - 0x00007ffb11c56000 	C:\WINDOWS\System32\RPCRT4.dll
0x00007ffb11020000 - 0x00007ffb11094000 	C:\WINDOWS\System32\WS2_32.dll
0x00007ffb0f0f0000 - 0x00007ffb0f13e000 	C:\WINDOWS\SYSTEM32\POWRPROF.dll
0x00007ffb03e20000 - 0x00007ffb03e56000 	C:\WINDOWS\SYSTEM32\WINMM.dll
0x00007ffb049f0000 - 0x00007ffb049fb000 	C:\WINDOWS\SYSTEM32\VERSION.dll
0x00007ffb0f0b0000 - 0x00007ffb0f0c4000 	C:\WINDOWS\SYSTEM32\UMPDC.dll
0x00007ffb0d770000 - 0x00007ffb0d78a000 	C:\WINDOWS\SYSTEM32\kernel.appcore.dll
0x00007ffafbf60000 - 0x00007ffafbf6a000 	C:\Program Files\Android\Android Studio\jbr\bin\jimage.dll
0x00007ffb0eaa0000 - 0x00007ffb0ece1000 	C:\WINDOWS\SYSTEM32\DBGHELP.DLL
0x00007ffb0fca0000 - 0x00007ffb1001c000 	C:\WINDOWS\System32\combase.dll
0x00007ffb10f40000 - 0x00007ffb11016000 	C:\WINDOWS\System32\OLEAUT32.dll
0x00007ffb0e6f0000 - 0x00007ffb0e729000 	C:\WINDOWS\SYSTEM32\dbgcore.DLL
0x00007ffb0f4e0000 - 0x00007ffb0f579000 	C:\WINDOWS\System32\bcryptPrimitives.dll
0x00007ffaf4c10000 - 0x00007ffaf4c30000 	C:\Program Files\Android\Android Studio\jbr\bin\java.dll
0x00007ffaebae0000 - 0x00007ffaebaf8000 	C:\Program Files\Android\Android Studio\jbr\bin\zip.dll
0x00007ffb11420000 - 0x00007ffb11b16000 	C:\WINDOWS\System32\SHELL32.dll
0x00007ffb0c590000 - 0x00007ffb0cdba000 	C:\WINDOWS\SYSTEM32\windows.storage.dll
0x00007ffb10ac0000 - 0x00007ffb10b93000 	C:\WINDOWS\System32\SHCORE.dll
0x00007ffb10330000 - 0x00007ffb1038d000 	C:\WINDOWS\System32\shlwapi.dll
0x00007ffb0f150000 - 0x00007ffb0f179000 	C:\WINDOWS\SYSTEM32\profapi.dll
0x00007ffaf2330000 - 0x00007ffaf2340000 	C:\Program Files\Android\Android Studio\jbr\bin\net.dll
0x00007ffb09fd0000 - 0x00007ffb0a0f6000 	C:\WINDOWS\SYSTEM32\WINHTTP.dll
0x00007ffb0de40000 - 0x00007ffb0dea8000 	C:\WINDOWS\system32\mswsock.dll
0x00007ffaebac0000 - 0x00007ffaebad6000 	C:\Program Files\Android\Android Studio\jbr\bin\nio.dll
0x00007ffae5e20000 - 0x00007ffae5e30000 	C:\Program Files\Android\Android Studio\jbr\bin\verify.dll

dbghelp: loaded successfully - version: 4.0.5 - missing functions: none
symbol engine: initialized successfully - sym options: 0x614 - pdb path: .;C:\Program Files\Android\Android Studio\jbr\bin;C:\WINDOWS\SYSTEM32;C:\WINDOWS\WinSxS\amd64_microsoft.windows.common-controls_6595b64144ccf1df_6.0.26100.1591_none_3e0fac18e32dc903;C:\Program Files\Android\Android Studio\jbr\bin\server

VM Arguments:
java_command: org.jetbrains.kotlin.cli.jvm.K2JVMCompiler @C:\Users\user\AndroidStudioProjects\HospitalDatabase\app\build\20250801_4041217555127400021.compiler.options
java_class_path (initial): C:\Users\user\.gradle\caches\modules-2\files-2.1\org.jetbrains.kotlin\kotlin-compiler-embeddable\2.0.21\79346ed53db48b18312a472602eb5c057070c54d\kotlin-compiler-embeddable-2.0.21.jar;C:\Users\user\.gradle\caches\modules-2\files-2.1\org.jetbrains.kotlin\kotlin-stdlib\2.0.21\618b539767b4899b4660a83006e052b63f1db551\kotlin-stdlib-2.0.21.jar;C:\Users\user\.gradle\caches\modules-2\files-2.1\org.jetbrains.kotlin\kotlin-script-runtime\2.0.21\c9b044380ad41f89aa89aa896c2d32a8c0b2129d\kotlin-script-runtime-2.0.21.jar;C:\Users\user\.gradle\caches\modules-2\files-2.1\org.jetbrains.kotlin\kotlin-reflect\1.6.10\1cbe9c92c12a94eea200d23c2bbaedaf3daf5132\kotlin-reflect-1.6.10.jar;C:\Users\user\.gradle\caches\modules-2\files-2.1\org.jetbrains.kotlin\kotlin-daemon-embeddable\2.0.21\c9e933b23287de9b5a17e2116b4657bb91aea72c\kotlin-daemon-embeddable-2.0.21.jar;C:\Users\user\.gradle\caches\modules-2\files-2.1\org.jetbrains.intellij.deps\trove4j\1.0.20200330\3afb14d5f9ceb459d724e907a21145e8ff394f02\trove4j-1.0.20200330.jar;C:\Users\user\.gradle\caches\modules-2\files-2.1\org.jetbrains.kotlinx\kotlinx-coroutines-core-jvm\1.6.4\2c997cd1c0ef33f3e751d3831929aeff1390cb30\kotlinx-coroutines-core-jvm-1.6.4.jar;C:\Users\user\.gradle\caches\modules-2\files-2.1\org.jetbrains\annotations\13.0\919f0dfe192fb4e063e7dacadee7f8bb9a2672a9\annotations-13.0.jar
Launcher Type: SUN_STANDARD

[Global flags]
     intx CICompilerCount                          = 3                                         {product} {ergonomic}
     uint ConcGCThreads                            = 1                                         {product} {ergonomic}
     uint G1ConcRefinementThreads                  = 4                                         {product} {ergonomic}
   size_t G1HeapRegionSize                         = 1048576                                   {product} {ergonomic}
    uintx GCDrainStackTargetSize                   = 64                                        {product} {ergonomic}
   size_t InitialHeapSize                          = 67108864                                  {product} {ergonomic}
   size_t MarkStackSize                            = 4194304                                   {product} {ergonomic}
   size_t MaxHeapSize                              = 1073741824                                {product} {ergonomic}
   size_t MaxNewSize                               = 643825664                                 {product} {ergonomic}
   size_t MinHeapDeltaBytes                        = 1048576                                   {product} {ergonomic}
   size_t MinHeapSize                              = 8388608                                   {product} {ergonomic}
    uintx NonNMethodCodeHeapSize                   = 5832780                                {pd product} {ergonomic}
    uintx NonProfiledCodeHeapSize                  = 122912730                              {pd product} {ergonomic}
    uintx ProfiledCodeHeapSize                     = 122912730                              {pd product} {ergonomic}
    uintx ReservedCodeCacheSize                    = 251658240                              {pd product} {ergonomic}
     bool SegmentedCodeCache                       = true                                      {product} {ergonomic}
   size_t SoftMaxHeapSize                          = 1073741824                             {manageable} {ergonomic}
     bool UseCompressedOops                        = true                           {product lp64_product} {ergonomic}
     bool UseG1GC                                  = true                                      {product} {ergonomic}
     bool UseLargePagesIndividualAllocation        = false                                  {pd product} {ergonomic}

Logging:
Log output configuration:
 #0: stdout all=warning uptime,level,tags foldmultilines=false
 #1: stderr all=off uptime,level,tags foldmultilines=false

Environment Variables:
PATH=C:\Program Files (x86)\Common Files\Oracle\Java\java8path;C:\Program Files (x86)\Common Files\Oracle\Java\javapath;C:\WINDOWS\system32;C:\WINDOWS;C:\WINDOWS\System32\Wbem;C:\WINDOWS\System32\WindowsPowerShell\v1.0\;C:\WINDOWS\System32\OpenSSH\;C:\Program Files\Git\cmd;C:\Users\user\AppData\Local\Microsoft\WindowsApps;
USERNAME=user
OS=Windows_NT
PROCESSOR_IDENTIFIER=Intel64 Family 6 Model 158 Stepping 9, GenuineIntel
TMP=C:\Users\user\AppData\Local\Temp
TEMP=C:\Users\user\AppData\Local\Temp




Periodic native trim disabled

JNI global refs:
JNI global refs: 9, weak refs: 13

JNI global refs memory usage: 835, weak refs: 833

Process memory usage:
Resident Set Size: 303988K (7% of 4193172K total physical memory with 229140K free physical memory)

OOME stack traces (most recent first):
Classloader memory used:
Loader jdk.internal.loader.ClassLoaders$AppClassLoader                                 : 63617K
Loader bootstrap                                                                       : 10901K

---------------  S Y S T E M  ---------------

OS:
 Windows 11 , 64 bit Build 26100 (10.0.26100.1591)
OS uptime: 0 days 0:34 hours
VMWare virtualization detected

CPU: total 4 (initial active 4) (2 cores per cpu, 1 threads per core) family 6 model 158 stepping 9 microcode 0xffffffff, cx8, cmov, fxsr, mmx, 3dnowpref, sse, sse2, sse3, ssse3, sse4.1, sse4.2, popcnt, lzcnt, tsc, tscinvbit, avx, avx2, aes, erms, clmul, bmi1, bmi2, adx, fma, vzeroupper, clflush, clflushopt, hv, rdtscp, f16c
Processor Information for the first 4 processors :
  Max Mhz: 2808, Current Mhz: 2808, Mhz Limit: 2808

Memory: 4k page, system-wide physical 4094M (224M free)
TotalPageFile size 7064M (AvailPageFile size 7M)
current process WorkingSet (physical memory assigned to process): 297M, peak: 297M
current process commit charge ("private bytes"): 319M, peak: 321M

vm_info: OpenJDK 64-Bit Server VM (21.0.6+-13391695-b895.109) for windows-amd64 JRE (21.0.6+-13391695-b895.109), built on 2025-04-22T21:19:17Z by "builder" with MS VC++ 16.10 / 16.11 (VS2019)

END.
