#
# There is insufficient memory for the Java Runtime Environment to continue.
# Native memory allocation (mmap) failed to map 10485760 bytes. Error detail: G1 virtual space
# Possible reasons:
#   The system is out of physical RAM or swap space
#   This process is running with CompressedOops enabled, and the Java Heap may be blocking the growth of the native heap
# Possible solutions:
#   Reduce memory load on the system
#   Increase physical memory or swap space
#   Check if swap backing store is full
#   Decrease Java heap size (-Xmx/-Xms)
#   Decrease number of Java threads
#   Decrease Java thread stack sizes (-Xss)
#   Set larger code cache with -XX:ReservedCodeCacheSize=
#   JVM is running with Unscaled Compressed Oops mode in which the Java heap is
#     placed in the first 4GB address space. The Java Heap base address is the
#     maximum limit for the native heap growth. Please use -XX:HeapBaseMinAddress
#     to set the Java Heap base and to place the Java Heap above 4GB virtual address.
# This output file may be truncated or incomplete.
#
#  Out of Memory Error (os_windows.cpp:3898), pid=7732, tid=10020
#
# JRE version: OpenJDK Runtime Environment (21.0.6) (build 21.0.6+-13391695-b895.109)
# Java VM: OpenJDK 64-Bit Server VM (21.0.6+-13391695-b895.109, mixed mode, tiered, compressed oops, compressed class ptrs, g1 gc, windows-amd64)
# No core dump will be written. Minidumps are not enabled by default on client versions of Windows
#

---------------  S U M M A R Y ------------

Command Line: org.jetbrains.kotlin.cli.jvm.K2JVMCompiler @C:\Users\user\AndroidStudioProjects\HospitalDatabase\app\build\20250801_15907024335174558595.compiler.options

Host: Intel(R) Core(TM) i7-7700HQ CPU @ 2.80GHz, 4 cores, 3G,  Windows 11 , 64 bit Build 26100 (10.0.26100.1591)
Time: Fri Aug  1 10:49:51 2025 Pacific Daylight Time elapsed time: 4.462734 seconds (0d 0h 0m 4s)

---------------  T H R E A D  ---------------

Current thread (0x000001a01e19cd20):  VMThread "VM Thread"          [id=10020, stack(0x0000009ae5300000,0x0000009ae5400000) (1024K)]

Stack: [0x0000009ae5300000,0x0000009ae5400000]
Native frames: (J=compiled Java code, j=interpreted, Vv=VM code, C=native code)
V  [jvm.dll+0x6d0639]
V  [jvm.dll+0x85eb03]
V  [jvm.dll+0x86105e]
V  [jvm.dll+0x861743]
V  [jvm.dll+0x27e6e6]
V  [jvm.dll+0x6ccfd5]
V  [jvm.dll+0x6c0a8a]
V  [jvm.dll+0x35537b]
V  [jvm.dll+0x35cfd6]
V  [jvm.dll+0x3aef86]
V  [jvm.dll+0x3af258]
V  [jvm.dll+0x327a2c]
V  [jvm.dll+0x327ab7]
V  [jvm.dll+0x36d93c]
V  [jvm.dll+0x36c0ee]
V  [jvm.dll+0x327181]
V  [jvm.dll+0x36b7f0]
V  [jvm.dll+0x8674c8]
V  [jvm.dll+0x868844]
V  [jvm.dll+0x868d80]
V  [jvm.dll+0x869013]
V  [jvm.dll+0x806ed8]
V  [jvm.dll+0x6cef0d]
C  [ucrtbase.dll+0x14ea0]
C  [KERNEL32.DLL+0x2dbe7]
C  [ntdll.dll+0x85a6c]

VM_Operation (0x0000009ae4cfa4b0): G1CollectForAllocation, mode: safepoint, requested by thread 0x000001a00640eb80


---------------  P R O C E S S  ---------------

Threads class SMR info:
_java_thread_list=0x000001a0253649b0, length=12, elements={
0x000001a00640eb80, 0x000001a01e36fa90, 0x000001a01e21f6f0, 0x000001a01e3708d0,
0x000001a01e21bed0, 0x000001a01e350080, 0x000001a01e352ae0, 0x000001a01e353860,
0x000001a01e359d50, 0x000001a01e5116f0, 0x000001a01e51df50, 0x000001a01ec7e240
}

Java Threads: ( => current thread )
  0x000001a00640eb80 JavaThread "main"                              [_thread_blocked, id=4432, stack(0x0000009ae4c00000,0x0000009ae4d00000) (1024K)]
  0x000001a01e36fa90 JavaThread "Reference Handler"          daemon [_thread_blocked, id=8156, stack(0x0000009ae5400000,0x0000009ae5500000) (1024K)]
  0x000001a01e21f6f0 JavaThread "Finalizer"                  daemon [_thread_blocked, id=992, stack(0x0000009ae5500000,0x0000009ae5600000) (1024K)]
  0x000001a01e3708d0 JavaThread "Signal Dispatcher"          daemon [_thread_blocked, id=9300, stack(0x0000009ae5600000,0x0000009ae5700000) (1024K)]
  0x000001a01e21bed0 JavaThread "Attach Listener"            daemon [_thread_blocked, id=8696, stack(0x0000009ae5700000,0x0000009ae5800000) (1024K)]
  0x000001a01e350080 JavaThread "Service Thread"             daemon [_thread_blocked, id=9576, stack(0x0000009ae5800000,0x0000009ae5900000) (1024K)]
  0x000001a01e352ae0 JavaThread "Monitor Deflation Thread"   daemon [_thread_blocked, id=1484, stack(0x0000009ae5900000,0x0000009ae5a00000) (1024K)]
  0x000001a01e353860 JavaThread "C2 CompilerThread0"         daemon [_thread_blocked, id=9700, stack(0x0000009ae5a00000,0x0000009ae5b00000) (1024K)]
  0x000001a01e359d50 JavaThread "C1 CompilerThread0"         daemon [_thread_blocked, id=3780, stack(0x0000009ae5b00000,0x0000009ae5c00000) (1024K)]
  0x000001a01e5116f0 JavaThread "Notification Thread"        daemon [_thread_blocked, id=6240, stack(0x0000009ae5c00000,0x0000009ae5d00000) (1024K)]
  0x000001a01e51df50 JavaThread "Common-Cleaner"             daemon [_thread_blocked, id=2980, stack(0x0000009ae5d00000,0x0000009ae5e00000) (1024K)]
  0x000001a01ec7e240 JavaThread "C2 CompilerThread1"         daemon [_thread_blocked, id=8988, stack(0x0000009ae6100000,0x0000009ae6200000) (1024K)]
Total: 12

Other Threads:
=>0x000001a01e19cd20 VMThread "VM Thread"                           [id=10020, stack(0x0000009ae5300000,0x0000009ae5400000) (1024K)]
  0x000001a01e14cfe0 WatcherThread "VM Periodic Task Thread"        [id=8912, stack(0x0000009ae5200000,0x0000009ae5300000) (1024K)]
  0x000001a0087ce4a0 WorkerThread "GC Thread#0"                     [id=5752, stack(0x0000009ae4d00000,0x0000009ae4e00000) (1024K)]
  0x000001a01ea5e0d0 WorkerThread "GC Thread#1"                     [id=9444, stack(0x0000009ae5e00000,0x0000009ae5f00000) (1024K)]
  0x000001a01eaa6960 WorkerThread "GC Thread#2"                     [id=4672, stack(0x0000009ae5f00000,0x0000009ae6000000) (1024K)]
  0x000001a01eaa6d00 WorkerThread "GC Thread#3"                     [id=8356, stack(0x0000009ae6000000,0x0000009ae6100000) (1024K)]
  0x000001a0087d8a60 ConcurrentGCThread "G1 Main Marker"            [id=7496, stack(0x0000009ae4e00000,0x0000009ae4f00000) (1024K)]
  0x000001a0087d9d70 WorkerThread "G1 Conc#0"                       [id=8700, stack(0x0000009ae4f00000,0x0000009ae5000000) (1024K)]
  0x000001a008838c50 ConcurrentGCThread "G1 Refine#0"               [id=9264, stack(0x0000009ae5000000,0x0000009ae5100000) (1024K)]
  0x000001a008839660 ConcurrentGCThread "G1 Service"                [id=6740, stack(0x0000009ae5100000,0x0000009ae5200000) (1024K)]
Total: 10

Threads with active compile tasks:
Total: 0

VM state: at safepoint (normal execution)

VM Mutex/Monitor currently owned by a thread:  ([mutex/lock_event])
[0x00007ffae6e2e3a0] Threads_lock - owner thread: 0x000001a01e19cd20
[0x00007ffae6e2e4a0] Heap_lock - owner thread: 0x000001a00640eb80

Heap address: 0x00000000c0000000, size: 1024 MB, Compressed Oops mode: 32-bit

CDS archive(s) not mapped
Compressed class space mapped at: 0x0000000100000000-0x0000000140000000, reserved size: 1073741824
Narrow klass base: 0x0000000000000000, Narrow klass shift: 3, Narrow klass range: 0x140000000

GC Precious Log:
 CardTable entry size: 512
 Card Set container configuration: InlinePtr #cards 5 size 8 Array Of Cards #cards 12 size 40 Howl #buckets 4 coarsen threshold 1843 Howl Bitmap #cards 512 size 80 coarsen threshold 460 Card regions per heap region 1 cards per card region 2048
 CPUs: 4 total, 4 available
 Memory: 4094M
 Large Page Support: Disabled
 NUMA Support: Disabled
 Compressed Oops: Enabled (32-bit)
 Heap Region Size: 1M
 Heap Min Capacity: 8M
 Heap Initial Capacity: 64M
 Heap Max Capacity: 1G
 Pre-touch: Disabled
 Parallel Workers: 4
 Concurrent Workers: 1
 Concurrent Refinement Workers: 4
 Periodic GC: Disabled

Heap:
 garbage-first heap   total 48128K, used 24560K [0x00000000c0000000, 0x0000000100000000)
  region size 1024K, 3 young (3072K), 3 survivors (3072K)
 Metaspace       used 48563K, committed 48896K, reserved 1114112K
  class space    used 5594K, committed 5760K, reserved 1048576K

Heap Regions: E=young(eden), S=young(survivor), O=old, HS=humongous(starts), HC=humongous(continues), CS=collection set, F=free, TAMS=top-at-mark-start, PB=parsable bottom
|   0|0x00000000c0000000, 0x00000000c0100000, 0x00000000c0100000|100%|HS|  |TAMS 0x00000000c0000000| PB 0x00000000c0000000| Complete 
|   1|0x00000000c0100000, 0x00000000c0200000, 0x00000000c0200000|100%|HC|  |TAMS 0x00000000c0100000| PB 0x00000000c0100000| Complete 
|   2|0x00000000c0200000, 0x00000000c0300000, 0x00000000c0300000|100%|HC|  |TAMS 0x00000000c0200000| PB 0x00000000c0200000| Complete 
|   3|0x00000000c0300000, 0x00000000c0400000, 0x00000000c0400000|100%| O|  |TAMS 0x00000000c0300000| PB 0x00000000c0300000| Untracked 
|   4|0x00000000c0400000, 0x00000000c0500000, 0x00000000c0500000|100%| O|  |TAMS 0x00000000c0400000| PB 0x00000000c0400000| Untracked 
|   5|0x00000000c0500000, 0x00000000c0600000, 0x00000000c0600000|100%| O|  |TAMS 0x00000000c0500000| PB 0x00000000c0500000| Untracked 
|   6|0x00000000c0600000, 0x00000000c0700000, 0x00000000c0700000|100%| O|  |TAMS 0x00000000c0600000| PB 0x00000000c0600000| Untracked 
|   7|0x00000000c0700000, 0x00000000c0800000, 0x00000000c0800000|100%| O|  |TAMS 0x00000000c0700000| PB 0x00000000c0700000| Untracked 
|   8|0x00000000c0800000, 0x00000000c0900000, 0x00000000c0900000|100%| O|  |TAMS 0x00000000c0800000| PB 0x00000000c0800000| Untracked 
|   9|0x00000000c0900000, 0x00000000c0a00000, 0x00000000c0a00000|100%| O|  |TAMS 0x00000000c0900000| PB 0x00000000c0900000| Untracked 
|  10|0x00000000c0a00000, 0x00000000c0b00000, 0x00000000c0b00000|100%| O|  |TAMS 0x00000000c0a00000| PB 0x00000000c0a00000| Untracked 
|  11|0x00000000c0b00000, 0x00000000c0c00000, 0x00000000c0c00000|100%| O|  |TAMS 0x00000000c0b00000| PB 0x00000000c0b00000| Untracked 
|  12|0x00000000c0c00000, 0x00000000c0d00000, 0x00000000c0d00000|100%| O|  |TAMS 0x00000000c0c00000| PB 0x00000000c0c00000| Untracked 
|  13|0x00000000c0d00000, 0x00000000c0e00000, 0x00000000c0e00000|100%| O|  |TAMS 0x00000000c0d00000| PB 0x00000000c0d00000| Untracked 
|  14|0x00000000c0e00000, 0x00000000c0f00000, 0x00000000c0f00000|100%| O|  |TAMS 0x00000000c0e00000| PB 0x00000000c0e00000| Untracked 
|  15|0x00000000c0f00000, 0x00000000c0f00000, 0x00000000c1000000|  0%| F|  |TAMS 0x00000000c0f00000| PB 0x00000000c0f00000| Untracked 
|  16|0x00000000c1000000, 0x00000000c1100000, 0x00000000c1100000|100%| O|  |TAMS 0x00000000c1000000| PB 0x00000000c1000000| Untracked 
|  17|0x00000000c1100000, 0x00000000c1200000, 0x00000000c1200000|100%| S|CS|TAMS 0x00000000c1100000| PB 0x00000000c1100000| Complete 
|  18|0x00000000c1200000, 0x00000000c1200000, 0x00000000c1300000|  0%| F|  |TAMS 0x00000000c1200000| PB 0x00000000c1200000| Untracked 
|  19|0x00000000c1300000, 0x00000000c1300000, 0x00000000c1400000|  0%| F|  |TAMS 0x00000000c1300000| PB 0x00000000c1300000| Untracked 
|  20|0x00000000c1400000, 0x00000000c1500000, 0x00000000c1500000|100%| S|CS|TAMS 0x00000000c1400000| PB 0x00000000c1400000| Complete 
|  21|0x00000000c1500000, 0x00000000c1600000, 0x00000000c1600000|100%| S|CS|TAMS 0x00000000c1500000| PB 0x00000000c1500000| Complete 
|  22|0x00000000c1600000, 0x00000000c1600000, 0x00000000c1700000|  0%| F|  |TAMS 0x00000000c1600000| PB 0x00000000c1600000| Untracked 
|  23|0x00000000c1700000, 0x00000000c1700000, 0x00000000c1800000|  0%| F|  |TAMS 0x00000000c1700000| PB 0x00000000c1700000| Untracked 
|  24|0x00000000c1800000, 0x00000000c1800000, 0x00000000c1900000|  0%| F|  |TAMS 0x00000000c1800000| PB 0x00000000c1800000| Untracked 
|  25|0x00000000c1900000, 0x00000000c1900000, 0x00000000c1a00000|  0%| F|  |TAMS 0x00000000c1900000| PB 0x00000000c1900000| Untracked 
|  26|0x00000000c1a00000, 0x00000000c1a00000, 0x00000000c1b00000|  0%| F|  |TAMS 0x00000000c1a00000| PB 0x00000000c1a00000| Untracked 
|  27|0x00000000c1b00000, 0x00000000c1b00000, 0x00000000c1c00000|  0%| F|  |TAMS 0x00000000c1b00000| PB 0x00000000c1b00000| Untracked 
|  28|0x00000000c1c00000, 0x00000000c1c00000, 0x00000000c1d00000|  0%| F|  |TAMS 0x00000000c1c00000| PB 0x00000000c1c00000| Untracked 
|  29|0x00000000c1d00000, 0x00000000c1d00000, 0x00000000c1e00000|  0%| F|  |TAMS 0x00000000c1d00000| PB 0x00000000c1d00000| Untracked 
|  30|0x00000000c1e00000, 0x00000000c1e00000, 0x00000000c1f00000|  0%| F|  |TAMS 0x00000000c1e00000| PB 0x00000000c1e00000| Untracked 
|  31|0x00000000c1f00000, 0x00000000c1f00000, 0x00000000c2000000|  0%| F|  |TAMS 0x00000000c1f00000| PB 0x00000000c1f00000| Untracked 
|  32|0x00000000c2000000, 0x00000000c2000000, 0x00000000c2100000|  0%| F|  |TAMS 0x00000000c2000000| PB 0x00000000c2000000| Untracked 
|  33|0x00000000c2100000, 0x00000000c2100000, 0x00000000c2200000|  0%| F|  |TAMS 0x00000000c2100000| PB 0x00000000c2100000| Untracked 
|  34|0x00000000c2200000, 0x00000000c2200000, 0x00000000c2300000|  0%| F|  |TAMS 0x00000000c2200000| PB 0x00000000c2200000| Untracked 
|  35|0x00000000c2300000, 0x00000000c2300000, 0x00000000c2400000|  0%| F|  |TAMS 0x00000000c2300000| PB 0x00000000c2300000| Untracked 
|  36|0x00000000c2400000, 0x00000000c2400000, 0x00000000c2500000|  0%| F|  |TAMS 0x00000000c2400000| PB 0x00000000c2400000| Untracked 
|  37|0x00000000c2500000, 0x00000000c2500000, 0x00000000c2600000|  0%| F|  |TAMS 0x00000000c2500000| PB 0x00000000c2500000| Untracked 
|  38|0x00000000c2600000, 0x00000000c2600000, 0x00000000c2700000|  0%| F|  |TAMS 0x00000000c2600000| PB 0x00000000c2600000| Untracked 
|  50|0x00000000c3200000, 0x00000000c3200000, 0x00000000c3300000|  0%| F|  |TAMS 0x00000000c3200000| PB 0x00000000c3200000| Untracked 
|  51|0x00000000c3300000, 0x00000000c3300000, 0x00000000c3400000|  0%| F|  |TAMS 0x00000000c3300000| PB 0x00000000c3300000| Untracked 
|  63|0x00000000c3f00000, 0x00000000c3f00000, 0x00000000c4000000|  0%| F|  |TAMS 0x00000000c3f00000| PB 0x00000000c3f00000| Untracked 
|1019|0x00000000ffb00000, 0x00000000ffbfc080, 0x00000000ffc00000| 98%| O|  |TAMS 0x00000000ffb00000| PB 0x00000000ffb00000| Untracked 
|1020|0x00000000ffc00000, 0x00000000ffd00000, 0x00000000ffd00000|100%| O|  |TAMS 0x00000000ffc00000| PB 0x00000000ffc00000| Untracked 
|1021|0x00000000ffd00000, 0x00000000ffe00000, 0x00000000ffe00000|100%| O|  |TAMS 0x00000000ffd00000| PB 0x00000000ffd00000| Untracked 
|1022|0x00000000ffe00000, 0x00000000fff00000, 0x00000000fff00000|100%| O|  |TAMS 0x00000000ffe00000| PB 0x00000000ffe00000| Untracked 
|1023|0x00000000fff00000, 0x0000000100000000, 0x0000000100000000|100%| O|  |TAMS 0x00000000fff00000| PB 0x00000000fff00000| Untracked 

Card table byte_map: [0x000001a01aaf0000,0x000001a01acf0000] _byte_map_base: 0x000001a01a4f0000

Marking Bits: (CMBitMap*) 0x000001a0087ceba0
 Bits: [0x000001a01acf0000, 0x000001a01bcf0000)

Polling page: 0x000001a0065d0000

Metaspace:

Usage:
  Non-class:     41.96 MB used.
      Class:      5.46 MB used.
       Both:     47.43 MB used.

Virtual space:
  Non-class space:       64.00 MB reserved,      42.12 MB ( 66%) committed,  1 nodes.
      Class space:        1.00 GB reserved,       5.62 MB ( <1%) committed,  1 nodes.
             Both:        1.06 GB reserved,      47.75 MB (  4%) committed. 

Chunk freelists:
   Non-Class:  5.28 MB
       Class:  10.36 MB
        Both:  15.64 MB

MaxMetaspaceSize: unlimited
CompressedClassSpaceSize: 1.00 GB
Initial GC threshold: 21.00 MB
Current GC threshold: 59.06 MB
CDS: off
 - commit_granule_bytes: 65536.
 - commit_granule_words: 8192.
 - virtual_space_node_default_size: 8388608.
 - enlarge_chunks_in_place: 1.
 - use_allocation_guard: 0.


Internal statistics:

num_allocs_failed_limit: 6.
num_arena_births: 230.
num_arena_deaths: 0.
num_vsnodes_births: 2.
num_vsnodes_deaths: 0.
num_space_committed: 764.
num_space_uncommitted: 0.
num_chunks_returned_to_freelist: 6.
num_chunks_taken_from_freelist: 1639.
num_chunk_merges: 6.
num_chunk_splits: 1356.
num_chunks_enlarged: 1238.
num_inconsistent_stats: 0.

CodeHeap 'non-profiled nmethods': size=120000Kb used=1252Kb max_used=1252Kb free=118747Kb
 bounds [0x000001a0133c0000, 0x000001a013630000, 0x000001a01a8f0000]
CodeHeap 'profiled nmethods': size=120000Kb used=5887Kb max_used=5887Kb free=114112Kb
 bounds [0x000001a00b8f0000, 0x000001a00beb0000, 0x000001a012e20000]
CodeHeap 'non-nmethods': size=5760Kb used=1564Kb max_used=1605Kb free=4195Kb
 bounds [0x000001a012e20000, 0x000001a013090000, 0x000001a0133c0000]
 total_blobs=3562 nmethods=2926 adapters=540
 compilation: enabled
              stopped_count=0, restarted_count=0
 full_count=0

Compilation events (20 events):
Event: 4.416 Thread 0x000001a01e359d50 3029       3       org.jetbrains.kotlin.utils.SmartList::get (77 bytes)
Event: 4.417 Thread 0x000001a01e359d50 nmethod 3029 0x000001a00beac990 code [0x000001a00beacc20, 0x000001a00bead500]
Event: 4.418 Thread 0x000001a01e359d50 3030       3       java.util.HashSet::add (20 bytes)
Event: 4.419 Thread 0x000001a01e359d50 nmethod 3030 0x000001a00bead890 code [0x000001a00beada40, 0x000001a00beadc70]
Event: 4.419 Thread 0x000001a01e359d50 3031       3       java.util.AbstractList$Itr::<init> (31 bytes)
Event: 4.419 Thread 0x000001a01e359d50 nmethod 3031 0x000001a00beadd10 code [0x000001a00beadec0, 0x000001a00beae0a0]
Event: 4.419 Thread 0x000001a01e359d50 3032       3       java.util.AbstractList::iterator (9 bytes)
Event: 4.419 Thread 0x000001a01e359d50 nmethod 3032 0x000001a00beae190 code [0x000001a00beae340, 0x000001a00beae5c8]
Event: 4.419 Thread 0x000001a01e359d50 3034       3       org.jetbrains.kotlin.fir.resolve.providers.FirSymbolProviderKt::getSymbolProvider (25 bytes)
Event: 4.420 Thread 0x000001a01e359d50 nmethod 3034 0x000001a00beae710 code [0x000001a00beae940, 0x000001a00beaefe8]
Event: 4.420 Thread 0x000001a01e359d50 3033       3       org.jetbrains.kotlin.fir.scopes.FirScope::<init> (5 bytes)
Event: 4.420 Thread 0x000001a01e359d50 nmethod 3033 0x000001a00beaf290 code [0x000001a00beaf440, 0x000001a00beaf5a8]
Event: 4.420 Thread 0x000001a01e359d50 3035       3       org.jetbrains.kotlin.fir.scopes.FirContainingNamesAwareScope::<init> (5 bytes)
Event: 4.420 Thread 0x000001a01e359d50 nmethod 3035 0x000001a00beaf690 code [0x000001a00beaf840, 0x000001a00beafa08]
Event: 4.425 Thread 0x000001a01e359d50 3036       3       java.util.jar.JarFile$JarFileEntry::getRealName (5 bytes)
Event: 4.425 Thread 0x000001a01e359d50 nmethod 3036 0x000001a00beafb10 code [0x000001a00beafca0, 0x000001a00beafdc0]
Event: 4.426 Thread 0x000001a01e359d50 3037       1       kotlin.collections.ArrayDeque::getSize (5 bytes)
Event: 4.426 Thread 0x000001a01e359d50 nmethod 3037 0x000001a0134f8c10 code [0x000001a0134f8da0, 0x000001a0134f8e68]
Event: 4.427 Thread 0x000001a01e359d50 3038       1       org.jetbrains.kotlin.fir.java.declarations.FirJavaClass::getTypeParameters (5 bytes)
Event: 4.427 Thread 0x000001a01e359d50 nmethod 3038 0x000001a0134f8f10 code [0x000001a0134f90a0, 0x000001a0134f9168]

GC Heap History (19 events):
Event: 0.735 GC heap before
{Heap before GC invocations=0 (full 0):
 garbage-first heap   total 65536K, used 16384K [0x00000000c0000000, 0x0000000100000000)
  region size 1024K, 13 young (13312K), 0 survivors (0K)
 Metaspace       used 11154K, committed 11328K, reserved 1114112K
  class space    used 939K, committed 1024K, reserved 1048576K
}
Event: 0.740 GC heap after
{Heap after GC invocations=1 (full 0):
 garbage-first heap   total 65536K, used 5624K [0x00000000c0000000, 0x0000000100000000)
  region size 1024K, 2 young (2048K), 2 survivors (2048K)
 Metaspace       used 11154K, committed 11328K, reserved 1114112K
  class space    used 939K, committed 1024K, reserved 1048576K
}
Event: 1.136 GC heap before
{Heap before GC invocations=1 (full 0):
 garbage-first heap   total 65536K, used 25080K [0x00000000c0000000, 0x0000000100000000)
  region size 1024K, 22 young (22528K), 2 survivors (2048K)
 Metaspace       used 17035K, committed 17216K, reserved 1114112K
  class space    used 1659K, committed 1728K, reserved 1048576K
}
Event: 1.142 GC heap after
{Heap after GC invocations=2 (full 0):
 garbage-first heap   total 65536K, used 7008K [0x00000000c0000000, 0x0000000100000000)
  region size 1024K, 2 young (2048K), 2 survivors (2048K)
 Metaspace       used 17035K, committed 17216K, reserved 1114112K
  class space    used 1659K, committed 1728K, reserved 1048576K
}
Event: 1.427 GC heap before
{Heap before GC invocations=2 (full 0):
 garbage-first heap   total 65536K, used 18272K [0x00000000c0000000, 0x0000000100000000)
  region size 1024K, 14 young (14336K), 2 survivors (2048K)
 Metaspace       used 21311K, committed 21504K, reserved 1114112K
  class space    used 2161K, committed 2240K, reserved 1048576K
}
Event: 1.433 GC heap after
{Heap after GC invocations=3 (full 0):
 garbage-first heap   total 65536K, used 7681K [0x00000000c0000000, 0x0000000100000000)
  region size 1024K, 2 young (2048K), 2 survivors (2048K)
 Metaspace       used 21311K, committed 21504K, reserved 1114112K
  class space    used 2161K, committed 2240K, reserved 1048576K
}
Event: 1.895 GC heap before
{Heap before GC invocations=4 (full 0):
 garbage-first heap   total 27648K, used 27137K [0x00000000c0000000, 0x0000000100000000)
  region size 1024K, 21 young (21504K), 2 survivors (2048K)
 Metaspace       used 24617K, committed 24896K, reserved 1114112K
  class space    used 2580K, committed 2752K, reserved 1048576K
}
Event: 1.911 GC heap after
{Heap after GC invocations=5 (full 0):
 garbage-first heap   total 35840K, used 13064K [0x00000000c0000000, 0x0000000100000000)
  region size 1024K, 5 young (5120K), 5 survivors (5120K)
 Metaspace       used 24617K, committed 24896K, reserved 1114112K
  class space    used 2580K, committed 2752K, reserved 1048576K
}
Event: 2.193 GC heap before
{Heap before GC invocations=5 (full 0):
 garbage-first heap   total 35840K, used 25352K [0x00000000c0000000, 0x0000000100000000)
  region size 1024K, 17 young (17408K), 5 survivors (5120K)
 Metaspace       used 28233K, committed 28480K, reserved 1114112K
  class space    used 2997K, committed 3136K, reserved 1048576K
}
Event: 2.204 GC heap after
{Heap after GC invocations=6 (full 0):
 garbage-first heap   total 35840K, used 14314K [0x00000000c0000000, 0x0000000100000000)
  region size 1024K, 1 young (1024K), 1 survivors (1024K)
 Metaspace       used 28233K, committed 28480K, reserved 1114112K
  class space    used 2997K, committed 3136K, reserved 1048576K
}
Event: 2.525 GC heap before
{Heap before GC invocations=6 (full 0):
 garbage-first heap   total 35840K, used 27626K [0x00000000c0000000, 0x0000000100000000)
  region size 1024K, 14 young (14336K), 1 survivors (1024K)
 Metaspace       used 32590K, committed 32832K, reserved 1114112K
  class space    used 3953K, committed 4032K, reserved 1048576K
}
Event: 2.529 GC heap after
{Heap after GC invocations=7 (full 0):
 garbage-first heap   total 46080K, used 15218K [0x00000000c0000000, 0x0000000100000000)
  region size 1024K, 2 young (2048K), 2 survivors (2048K)
 Metaspace       used 32590K, committed 32832K, reserved 1114112K
  class space    used 3953K, committed 4032K, reserved 1048576K
}
Event: 2.876 GC heap before
{Heap before GC invocations=7 (full 0):
 garbage-first heap   total 46080K, used 28530K [0x00000000c0000000, 0x0000000100000000)
  region size 1024K, 17 young (17408K), 2 survivors (2048K)
 Metaspace       used 35772K, committed 35968K, reserved 1114112K
  class space    used 4280K, committed 4352K, reserved 1048576K
}
Event: 2.882 GC heap after
{Heap after GC invocations=8 (full 0):
 garbage-first heap   total 46080K, used 16564K [0x00000000c0000000, 0x0000000100000000)
  region size 1024K, 3 young (3072K), 3 survivors (3072K)
 Metaspace       used 35772K, committed 35968K, reserved 1114112K
  class space    used 4280K, committed 4352K, reserved 1048576K
}
Event: 3.309 GC heap before
{Heap before GC invocations=9 (full 0):
 garbage-first heap   total 46080K, used 37044K [0x00000000c0000000, 0x0000000100000000)
  region size 1024K, 24 young (24576K), 3 survivors (3072K)
 Metaspace       used 41605K, committed 41856K, reserved 1114112K
  class space    used 4850K, committed 4928K, reserved 1048576K
}
Event: 3.315 GC heap after
{Heap after GC invocations=10 (full 0):
 garbage-first heap   total 46080K, used 17293K [0x00000000c0000000, 0x0000000100000000)
  region size 1024K, 2 young (2048K), 2 survivors (2048K)
 Metaspace       used 41605K, committed 41856K, reserved 1114112K
  class space    used 4850K, committed 4928K, reserved 1048576K
}
Event: 3.950 GC heap before
{Heap before GC invocations=10 (full 0):
 garbage-first heap   total 46080K, used 38797K [0x00000000c0000000, 0x0000000100000000)
  region size 1024K, 24 young (24576K), 2 survivors (2048K)
 Metaspace       used 46487K, committed 46784K, reserved 1114112K
  class space    used 5380K, committed 5504K, reserved 1048576K
}
Event: 3.959 GC heap after
{Heap after GC invocations=11 (full 0):
 garbage-first heap   total 46080K, used 19172K [0x00000000c0000000, 0x0000000100000000)
  region size 1024K, 3 young (3072K), 3 survivors (3072K)
 Metaspace       used 46487K, committed 46784K, reserved 1114112K
  class space    used 5380K, committed 5504K, reserved 1048576K
}
Event: 4.442 GC heap before
{Heap before GC invocations=11 (full 0):
 garbage-first heap   total 46080K, used 39652K [0x00000000c0000000, 0x0000000100000000)
  region size 1024K, 23 young (23552K), 3 survivors (3072K)
 Metaspace       used 48563K, committed 48896K, reserved 1114112K
  class space    used 5594K, committed 5760K, reserved 1048576K
}

Dll operation events (3 events):
Event: 0.013 Loaded shared library C:\Program Files\Android\Android Studio\jbr\bin\java.dll
Event: 0.025 Loaded shared library C:\Program Files\Android\Android Studio\jbr\bin\zip.dll
Event: 1.958 Loaded shared library C:\Program Files\Android\Android Studio\jbr\bin\verify.dll

Deoptimization events (20 events):
Event: 4.263 Thread 0x000001a00640eb80 Uncommon trap: trap_request=0xffffff45 fr.pc=0x000001a0134baf34 relative=0x0000000000000874
Event: 4.263 Thread 0x000001a00640eb80 Uncommon trap: reason=unstable_if action=reinterpret pc=0x000001a0134baf34 method=java.util.HashMap.putVal(ILjava/lang/Object;Ljava/lang/Object;ZZ)Ljava/lang/Object; @ 193 c2
Event: 4.263 Thread 0x000001a00640eb80 DEOPT PACKING pc=0x000001a0134baf34 sp=0x0000009ae4cfda20
Event: 4.263 Thread 0x000001a00640eb80 DEOPT UNPACKING pc=0x000001a012e746a2 sp=0x0000009ae4cfd9e0 mode 2
Event: 4.269 Thread 0x000001a00640eb80 Uncommon trap: trap_request=0xffffff45 fr.pc=0x000001a0134c72d4 relative=0x00000000000002f4
Event: 4.269 Thread 0x000001a00640eb80 Uncommon trap: reason=unstable_if action=reinterpret pc=0x000001a0134c72d4 method=org.jetbrains.kotlin.name.Name.hashCode()I @ 16 c2
Event: 4.269 Thread 0x000001a00640eb80 DEOPT PACKING pc=0x000001a0134c72d4 sp=0x0000009ae4cfdad0
Event: 4.269 Thread 0x000001a00640eb80 DEOPT UNPACKING pc=0x000001a012e746a2 sp=0x0000009ae4cfda58 mode 2
Event: 4.282 Thread 0x000001a00640eb80 Uncommon trap: trap_request=0xffffff45 fr.pc=0x000001a0134e6bdc relative=0x00000000000001bc
Event: 4.282 Thread 0x000001a00640eb80 Uncommon trap: reason=unstable_if action=reinterpret pc=0x000001a0134e6bdc method=org.jetbrains.kotlin.name.FqNameUnsafe.equals(Ljava/lang/Object;)Z @ 2 c2
Event: 4.282 Thread 0x000001a00640eb80 DEOPT PACKING pc=0x000001a0134e6bdc sp=0x0000009ae4cfb410
Event: 4.282 Thread 0x000001a00640eb80 DEOPT UNPACKING pc=0x000001a012e746a2 sp=0x0000009ae4cfb320 mode 2
Event: 4.286 Thread 0x000001a00640eb80 DEOPT PACKING pc=0x000001a00bc3a43d sp=0x0000009ae4cfa8e0
Event: 4.286 Thread 0x000001a00640eb80 DEOPT UNPACKING pc=0x000001a012e74e42 sp=0x0000009ae4cf9de8 mode 0
Event: 4.402 Thread 0x000001a00640eb80 Uncommon trap: trap_request=0xffffff45 fr.pc=0x000001a0134bd198 relative=0x0000000000001778
Event: 4.402 Thread 0x000001a00640eb80 Uncommon trap: reason=unstable_if action=reinterpret pc=0x000001a0134bd198 method=java.util.HashMap.putVal(ILjava/lang/Object;Ljava/lang/Object;ZZ)Ljava/lang/Object; @ 193 c2
Event: 4.402 Thread 0x000001a00640eb80 DEOPT PACKING pc=0x000001a0134bd198 sp=0x0000009ae4cfd420
Event: 4.402 Thread 0x000001a00640eb80 DEOPT UNPACKING pc=0x000001a012e746a2 sp=0x0000009ae4cfd2d8 mode 2
Event: 4.412 Thread 0x000001a00640eb80 DEOPT PACKING pc=0x000001a00bc3a43d sp=0x0000009ae4cfce90
Event: 4.412 Thread 0x000001a00640eb80 DEOPT UNPACKING pc=0x000001a012e74e42 sp=0x0000009ae4cfc398 mode 0

Classes loaded (20 events):
Event: 3.200 Loading class java/util/ArrayList$ListItr
Event: 3.200 Loading class java/util/ArrayList$ListItr done
Event: 3.291 Loading class java/util/PriorityQueue
Event: 3.292 Loading class java/util/PriorityQueue done
Event: 3.509 Loading class java/security/AccessControlException
Event: 3.509 Loading class java/security/AccessControlException done
Event: 3.548 Loading class java/text/StringCharacterIterator
Event: 3.548 Loading class java/text/CharacterIterator
Event: 3.549 Loading class java/text/CharacterIterator done
Event: 3.549 Loading class java/text/StringCharacterIterator done
Event: 3.743 Loading class java/lang/annotation/ElementType
Event: 3.743 Loading class java/lang/annotation/ElementType done
Event: 3.743 Loading class java/lang/Deprecated
Event: 3.743 Loading class java/lang/Deprecated done
Event: 3.743 Loading class java/lang/Override
Event: 3.743 Loading class java/lang/Override done
Event: 4.172 Loading class java/util/ArrayList$SubList$1
Event: 4.172 Loading class java/util/ArrayList$SubList$1 done
Event: 4.249 Loading class java/util/AbstractList$ListItr
Event: 4.249 Loading class java/util/AbstractList$ListItr done

Classes unloaded (0 events):
No events

Classes redefined (0 events):
No events

Internal exceptions (20 events):
Event: 1.274 Thread 0x000001a00640eb80 Exception <a 'java/lang/NoSuchMethodError'{0x00000000c3ab82c8}: 'int java.lang.invoke.DirectMethodHandle$Holder.invokeStaticInit(java.lang.Object, java.lang.Object, java.lang.Object)'> (0x00000000c3ab82c8) 
thrown [s\src\hotspot\share\interpreter\linkResolver.cpp, line 784]
Event: 1.280 Thread 0x000001a00640eb80 Exception <a 'java/lang/NoSuchMethodError'{0x00000000c3ae54a0}: 'int java.lang.invoke.DirectMethodHandle$Holder.invokeStaticInit(java.lang.Object, java.lang.Object)'> (0x00000000c3ae54a0) 
thrown [s\src\hotspot\share\interpreter\linkResolver.cpp, line 784]
Event: 1.298 Thread 0x000001a00640eb80 Exception <a 'java/lang/NoSuchMethodError'{0x00000000c39a2278}: 'int java.lang.invoke.DirectMethodHandle$Holder.invokeStatic(java.lang.Object)'> (0x00000000c39a2278) 
thrown [s\src\hotspot\share\interpreter\linkResolver.cpp, line 784]
Event: 1.299 Thread 0x000001a00640eb80 Exception <a 'java/lang/NoSuchMethodError'{0x00000000c39a56c0}: 'int java.lang.invoke.DirectMethodHandle$Holder.invokeStaticInit(java.lang.Object)'> (0x00000000c39a56c0) 
thrown [s\src\hotspot\share\interpreter\linkResolver.cpp, line 784]
Event: 1.427 Thread 0x000001a00640eb80 Exception <a 'java/lang/NoSuchMethodError'{0x00000000c34d8f98}: 'void java.lang.invoke.DirectMethodHandle$Holder.invokeStatic(java.lang.Object, java.lang.Object, java.lang.Object, java.lang.Object)'> (0x00000000c34d8f98) 
thrown [s\src\hotspot\share\interpreter\linkResolver.cpp, line 784]
Event: 1.488 Thread 0x000001a00640eb80 Exception <a 'java/lang/NoSuchMethodError'{0x00000000c17ce660}: 'java.lang.Object java.lang.invoke.DirectMethodHandle$Holder.invokeInterface(java.lang.Object, java.lang.Object)'> (0x00000000c17ce660) 
thrown [s\src\hotspot\share\interpreter\linkResolver.cpp, line 784]
Event: 1.540 Thread 0x000001a00640eb80 Exception <a 'java/lang/NoSuchMethodError'{0x00000000c1438088}: 'void java.lang.invoke.DirectMethodHandle$Holder.invokeStaticInit(java.lang.Object, java.lang.Object)'> (0x00000000c1438088) 
thrown [s\src\hotspot\share\interpreter\linkResolver.cpp, line 784]
Event: 1.587 Thread 0x000001a00640eb80 Exception <a 'java/lang/NoSuchMethodError'{0x00000000c121a788}: 'int java.lang.invoke.DirectMethodHandle$Holder.invokeVirtual(java.lang.Object, java.lang.Object, java.lang.Object)'> (0x00000000c121a788) 
thrown [s\src\hotspot\share\interpreter\linkResolver.cpp, line 784]
Event: 1.631 Thread 0x000001a00640eb80 Exception <a 'java/lang/NoSuchMethodError'{0x00000000c11f3148}: 'void java.lang.invoke.Invokers$Holder.invokeExact_MT(java.lang.Object, int, java.lang.Object)'> (0x00000000c11f3148) 
thrown [s\src\hotspot\share\interpreter\linkResolver.cpp, line 784]
Event: 1.661 Thread 0x000001a00640eb80 Exception <a 'java/lang/NoSuchMethodError'{0x00000000c0f45430}: 'void java.lang.invoke.DirectMethodHandle$Holder.invokeVirtual(java.lang.Object, java.lang.Object)'> (0x00000000c0f45430) 
thrown [s\src\hotspot\share\interpreter\linkResolver.cpp, line 784]
Event: 1.681 Thread 0x000001a00640eb80 Exception <a 'java/lang/NoSuchMethodError'{0x00000000c0fc1d80}: 'long java.lang.invoke.DirectMethodHandle$Holder.invokeStatic(java.lang.Object, java.lang.Object, int)'> (0x00000000c0fc1d80) 
thrown [s\src\hotspot\share\interpreter\linkResolver.cpp, line 784]
Event: 1.682 Thread 0x000001a00640eb80 Exception <a 'java/lang/NoSuchMethodError'{0x00000000c0fccd68}: 'java.lang.Object java.lang.invoke.DelegatingMethodHandle$Holder.reinvoke_L(java.lang.Object, int, long, java.lang.Object, java.lang.Object, int, java.lang.Object)'> (0x00000000c0fccd68) 
thrown [s\src\hotspot\share\interpreter\linkResolver.cpp, line 784]
Event: 1.692 Thread 0x000001a00640eb80 Exception <a 'java/lang/NoSuchMethodError'{0x00000000c0ff4118}: 'java.lang.Object java.lang.invoke.DirectMethodHandle$Holder.invokeStatic(java.lang.Object, java.lang.Object, int)'> (0x00000000c0ff4118) 
thrown [s\src\hotspot\share\interpreter\linkResolver.cpp, line 784]
Event: 1.693 Thread 0x000001a00640eb80 Exception <a 'java/lang/NoSuchMethodError'{0x00000000c0fff778}: 'void java.lang.invoke.DelegatingMethodHandle$Holder.delegate(java.lang.Object, java.lang.Object, int, java.lang.Object)'> (0x00000000c0fff778) 
thrown [s\src\hotspot\share\interpreter\linkResolver.cpp, line 784]
Event: 1.971 Thread 0x000001a00640eb80 Exception <a 'java/lang/NoSuchMethodError'{0x00000000c174d610}: 'java.lang.Object java.lang.invoke.DirectMethodHandle$Holder.invokeStatic(java.lang.Object, java.lang.Object, int, java.lang.Object)'> (0x00000000c174d610) 
thrown [s\src\hotspot\share\interpreter\linkResolver.cpp, line 784]
Event: 2.132 Thread 0x000001a00640eb80 Exception <a 'java/lang/NoSuchMethodError'{0x00000000c115b4d8}: 'java.lang.Object java.lang.invoke.DirectMethodHandle$Holder.newInvokeSpecial(java.lang.Object, java.lang.Object, java.lang.Object, java.lang.Object, java.lang.Object, java.lang.Object)'> (0x00000000c115b4d8) 
thrown [s\src\hotspot\share\interpreter\linkResolver.cpp, line 784]
Event: 2.723 Thread 0x000001a00640eb80 Exception <a 'java/lang/NoSuchMethodError'{0x00000000c23b00c8}: 'java.lang.Object java.lang.invoke.DirectMethodHandle$Holder.newInvokeSpecial(java.lang.Object, java.lang.Object, java.lang.Object, java.lang.Object, java.lang.Object, java.lang.Object, java.lang.Object)'> (0x00000000c23b00c8) 
thrown [s\src\hotspot\share\interpreter\linkResolver.cpp, line 784]
Event: 3.044 Thread 0x000001a00640eb80 Exception <a 'java/lang/NoSuchMethodError'{0x00000000c22760c8}: 'java.lang.Object java.lang.invoke.DirectMethodHandle$Holder.invokeVirtual(java.lang.Object, java.lang.Object, java.lang.Object)'> (0x00000000c22760c8) 
thrown [s\src\hotspot\share\interpreter\linkResolver.cpp, line 784]
Event: 3.087 Thread 0x000001a00640eb80 Exception <a 'java/lang/NoSuchMethodError'{0x00000000c21f34d0}: 'java.lang.Object java.lang.invoke.DirectMethodHandle$Holder.newInvokeSpecial(java.lang.Object, java.lang.Object, int)'> (0x00000000c21f34d0) 
thrown [s\src\hotspot\share\interpreter\linkResolver.cpp, line 784]
Event: 3.482 Thread 0x000001a00640eb80 Exception <a 'java/lang/NoSuchMethodError'{0x00000000c22261e8}: 'java.lang.Object java.lang.invoke.DirectMethodHandle$Holder.newInvokeSpecial(java.lang.Object, java.lang.Object, java.lang.Object, int, java.lang.Object)'> (0x00000000c22261e8) 
thrown [s\src\hotspot\share\interpreter\linkResolver.cpp, line 784]

ZGC Phase Switch (0 events):
No events

VM Operations (20 events):
Event: 2.917 Executing VM operation: G1PauseCleanup done
Event: 3.200 Executing VM operation: HandshakeAllThreads (Deoptimize)
Event: 3.200 Executing VM operation: HandshakeAllThreads (Deoptimize) done
Event: 3.309 Executing VM operation: G1CollectForAllocation (G1 Evacuation Pause)
Event: 3.315 Executing VM operation: G1CollectForAllocation (G1 Evacuation Pause) done
Event: 3.387 Executing VM operation: HandshakeAllThreads (Deoptimize)
Event: 3.387 Executing VM operation: HandshakeAllThreads (Deoptimize) done
Event: 3.745 Executing VM operation: HandshakeAllThreads (Deoptimize)
Event: 3.745 Executing VM operation: HandshakeAllThreads (Deoptimize) done
Event: 3.823 Executing VM operation: HandshakeAllThreads (Deoptimize)
Event: 3.823 Executing VM operation: HandshakeAllThreads (Deoptimize) done
Event: 3.829 Executing VM operation: HandshakeAllThreads (Deoptimize)
Event: 3.829 Executing VM operation: HandshakeAllThreads (Deoptimize) done
Event: 3.950 Executing VM operation: G1CollectForAllocation (G1 Evacuation Pause)
Event: 3.959 Executing VM operation: G1CollectForAllocation (G1 Evacuation Pause) done
Event: 4.249 Executing VM operation: HandshakeAllThreads (Deoptimize)
Event: 4.250 Executing VM operation: HandshakeAllThreads (Deoptimize) done
Event: 4.314 Executing VM operation: ICBufferFull
Event: 4.314 Executing VM operation: ICBufferFull done
Event: 4.442 Executing VM operation: G1CollectForAllocation (G1 Evacuation Pause)

Memory protections (0 events):
No events

Nmethod flushes (20 events):
Event: 2.909 Thread 0x000001a01e19cd20 flushing  nmethod 0x000001a00b924990
Event: 2.909 Thread 0x000001a01e19cd20 flushing  nmethod 0x000001a00b92fb10
Event: 2.909 Thread 0x000001a01e19cd20 flushing  nmethod 0x000001a00b930d10
Event: 2.909 Thread 0x000001a01e19cd20 flushing  nmethod 0x000001a00b931310
Event: 2.909 Thread 0x000001a01e19cd20 flushing  nmethod 0x000001a00b933a10
Event: 2.909 Thread 0x000001a01e19cd20 flushing  nmethod 0x000001a00b934f10
Event: 2.909 Thread 0x000001a01e19cd20 flushing  nmethod 0x000001a00b943c10
Event: 2.909 Thread 0x000001a01e19cd20 flushing  nmethod 0x000001a00b944090
Event: 2.909 Thread 0x000001a01e19cd20 flushing  nmethod 0x000001a00b944f90
Event: 2.909 Thread 0x000001a01e19cd20 flushing  nmethod 0x000001a00b95c110
Event: 2.909 Thread 0x000001a01e19cd20 flushing  nmethod 0x000001a00b95cc90
Event: 2.909 Thread 0x000001a01e19cd20 flushing  nmethod 0x000001a00b95ef90
Event: 2.909 Thread 0x000001a01e19cd20 flushing  nmethod 0x000001a00b960390
Event: 2.909 Thread 0x000001a01e19cd20 flushing  nmethod 0x000001a00b96c090
Event: 2.909 Thread 0x000001a01e19cd20 flushing  nmethod 0x000001a00b96d710
Event: 2.909 Thread 0x000001a01e19cd20 flushing  nmethod 0x000001a00b986f10
Event: 2.909 Thread 0x000001a01e19cd20 flushing  nmethod 0x000001a00b989810
Event: 2.909 Thread 0x000001a01e19cd20 flushing  nmethod 0x000001a00b9c5c90
Event: 2.909 Thread 0x000001a01e19cd20 flushing  nmethod 0x000001a00b9d6d10
Event: 2.909 Thread 0x000001a01e19cd20 flushing  nmethod 0x000001a00ba17410

Events (18 events):
Event: 0.023 Thread 0x000001a00640eb80 Thread added: 0x000001a00640eb80
Event: 0.104 Thread 0x000001a00640eb80 Thread added: 0x000001a01e36fa90
Event: 0.105 Thread 0x000001a00640eb80 Thread added: 0x000001a01e21f6f0
Event: 0.106 Thread 0x000001a00640eb80 Thread added: 0x000001a01e3708d0
Event: 0.106 Thread 0x000001a00640eb80 Thread added: 0x000001a01e21bed0
Event: 0.106 Thread 0x000001a00640eb80 Thread added: 0x000001a01e350080
Event: 0.106 Thread 0x000001a00640eb80 Thread added: 0x000001a01e352ae0
Event: 0.106 Thread 0x000001a00640eb80 Thread added: 0x000001a01e353860
Event: 0.109 Thread 0x000001a00640eb80 Thread added: 0x000001a01e359d50
Event: 0.164 Thread 0x000001a00640eb80 Thread added: 0x000001a01e5116f0
Event: 0.175 Thread 0x000001a00640eb80 Thread added: 0x000001a01e51df50
Event: 0.207 Loaded shared library C:\Program Files\Android\Android Studio\jbr\bin\net.dll
Event: 0.211 Loaded shared library C:\Program Files\Android\Android Studio\jbr\bin\nio.dll
Event: 0.273 Loaded shared library C:\Program Files\Android\Android Studio\jbr\bin\zip.dll
Event: 0.348 Loaded shared library C:\Program Files\Android\Android Studio\jbr\bin\jimage.dll
Event: 2.779 Thread 0x000001a01e353860 Thread added: 0x000001a01ec7c700
Event: 3.065 Thread 0x000001a01ec7c700 Thread exited: 0x000001a01ec7c700
Event: 3.415 Thread 0x000001a01e359d50 Thread added: 0x000001a01ec7e240


Dynamic libraries:
0x00007ff656250000 - 0x00007ff65625a000 	C:\Program Files\Android\Android Studio\jbr\bin\java.exe
0x00007ffb11e20000 - 0x00007ffb12083000 	C:\WINDOWS\SYSTEM32\ntdll.dll
0x00007ffb11160000 - 0x00007ffb11227000 	C:\WINDOWS\System32\KERNEL32.DLL
0x00007ffb0f800000 - 0x00007ffb0fba1000 	C:\WINDOWS\System32\KERNELBASE.dll
0x00007ffb0f6b0000 - 0x00007ffb0f7fb000 	C:\WINDOWS\System32\ucrtbase.dll
0x00007ffafda30000 - 0x00007ffafda48000 	C:\Program Files\Android\Android Studio\jbr\bin\jli.dll
0x00007ffb10d70000 - 0x00007ffb10f33000 	C:\WINDOWS\System32\USER32.dll
0x00007ffafd240000 - 0x00007ffafd25b000 	C:\Program Files\Android\Android Studio\jbr\bin\VCRUNTIME140.dll
0x00007ffb0fbb0000 - 0x00007ffb0fbd7000 	C:\WINDOWS\System32\win32u.dll
0x00007ffb0e310000 - 0x00007ffb0e5a0000 	C:\WINDOWS\WinSxS\amd64_microsoft.windows.common-controls_6595b64144ccf1df_6.0.26100.1591_none_3e0fac18e32dc903\COMCTL32.dll
0x00007ffb103a0000 - 0x00007ffb103ca000 	C:\WINDOWS\System32\GDI32.dll
0x00007ffb101f0000 - 0x00007ffb10299000 	C:\WINDOWS\System32\msvcrt.dll
0x00007ffb0f580000 - 0x00007ffb0f6a1000 	C:\WINDOWS\System32\gdi32full.dll
0x00007ffb0f430000 - 0x00007ffb0f4d3000 	C:\WINDOWS\System32\msvcp_win.dll
0x00007ffb11c60000 - 0x00007ffb11c8f000 	C:\WINDOWS\System32\IMM32.DLL
0x00007ffafd230000 - 0x00007ffafd23c000 	C:\Program Files\Android\Android Studio\jbr\bin\vcruntime140_1.dll
0x00007ffafd9a0000 - 0x00007ffafda2d000 	C:\Program Files\Android\Android Studio\jbr\bin\msvcp140.dll
0x00007ffae6280000 - 0x00007ffae6f0b000 	C:\Program Files\Android\Android Studio\jbr\bin\server\jvm.dll
0x00007ffb110a0000 - 0x00007ffb11152000 	C:\WINDOWS\System32\ADVAPI32.dll
0x00007ffb11ca0000 - 0x00007ffb11d47000 	C:\WINDOWS\System32\sechost.dll
0x00007ffb11b40000 - 0x00007ffb11c56000 	C:\WINDOWS\System32\RPCRT4.dll
0x00007ffb11020000 - 0x00007ffb11094000 	C:\WINDOWS\System32\WS2_32.dll
0x00007ffb0f0f0000 - 0x00007ffb0f13e000 	C:\WINDOWS\SYSTEM32\POWRPROF.dll
0x00007ffb03e20000 - 0x00007ffb03e56000 	C:\WINDOWS\SYSTEM32\WINMM.dll
0x00007ffb049f0000 - 0x00007ffb049fb000 	C:\WINDOWS\SYSTEM32\VERSION.dll
0x00007ffb0f0b0000 - 0x00007ffb0f0c4000 	C:\WINDOWS\SYSTEM32\UMPDC.dll
0x00007ffb0d770000 - 0x00007ffb0d78a000 	C:\WINDOWS\SYSTEM32\kernel.appcore.dll
0x00007ffafbf60000 - 0x00007ffafbf6a000 	C:\Program Files\Android\Android Studio\jbr\bin\jimage.dll
0x00007ffb0eaa0000 - 0x00007ffb0ece1000 	C:\WINDOWS\SYSTEM32\DBGHELP.DLL
0x00007ffb0fca0000 - 0x00007ffb1001c000 	C:\WINDOWS\System32\combase.dll
0x00007ffb10f40000 - 0x00007ffb11016000 	C:\WINDOWS\System32\OLEAUT32.dll
0x00007ffb0e6f0000 - 0x00007ffb0e729000 	C:\WINDOWS\SYSTEM32\dbgcore.DLL
0x00007ffb0f4e0000 - 0x00007ffb0f579000 	C:\WINDOWS\System32\bcryptPrimitives.dll
0x00007ffaf4c10000 - 0x00007ffaf4c30000 	C:\Program Files\Android\Android Studio\jbr\bin\java.dll
0x00007ffaebae0000 - 0x00007ffaebaf8000 	C:\Program Files\Android\Android Studio\jbr\bin\zip.dll
0x00007ffb11420000 - 0x00007ffb11b16000 	C:\WINDOWS\System32\SHELL32.dll
0x00007ffb0c590000 - 0x00007ffb0cdba000 	C:\WINDOWS\SYSTEM32\windows.storage.dll
0x00007ffb10ac0000 - 0x00007ffb10b93000 	C:\WINDOWS\System32\SHCORE.dll
0x00007ffb10330000 - 0x00007ffb1038d000 	C:\WINDOWS\System32\shlwapi.dll
0x00007ffb0f150000 - 0x00007ffb0f179000 	C:\WINDOWS\SYSTEM32\profapi.dll
0x00007ffaf2330000 - 0x00007ffaf2340000 	C:\Program Files\Android\Android Studio\jbr\bin\net.dll
0x00007ffb09fd0000 - 0x00007ffb0a0f6000 	C:\WINDOWS\SYSTEM32\WINHTTP.dll
0x00007ffb0de40000 - 0x00007ffb0dea8000 	C:\WINDOWS\system32\mswsock.dll
0x00007ffaebac0000 - 0x00007ffaebad6000 	C:\Program Files\Android\Android Studio\jbr\bin\nio.dll
0x00007ffae5e20000 - 0x00007ffae5e30000 	C:\Program Files\Android\Android Studio\jbr\bin\verify.dll

dbghelp: loaded successfully - version: 4.0.5 - missing functions: none
symbol engine: initialized successfully - sym options: 0x614 - pdb path: .;C:\Program Files\Android\Android Studio\jbr\bin;C:\WINDOWS\SYSTEM32;C:\WINDOWS\WinSxS\amd64_microsoft.windows.common-controls_6595b64144ccf1df_6.0.26100.1591_none_3e0fac18e32dc903;C:\Program Files\Android\Android Studio\jbr\bin\server

VM Arguments:
java_command: org.jetbrains.kotlin.cli.jvm.K2JVMCompiler @C:\Users\user\AndroidStudioProjects\HospitalDatabase\app\build\20250801_15907024335174558595.compiler.options
java_class_path (initial): C:\Users\user\.gradle\caches\modules-2\files-2.1\org.jetbrains.kotlin\kotlin-compiler-embeddable\2.0.21\79346ed53db48b18312a472602eb5c057070c54d\kotlin-compiler-embeddable-2.0.21.jar;C:\Users\user\.gradle\caches\modules-2\files-2.1\org.jetbrains.kotlin\kotlin-stdlib\2.0.21\618b539767b4899b4660a83006e052b63f1db551\kotlin-stdlib-2.0.21.jar;C:\Users\user\.gradle\caches\modules-2\files-2.1\org.jetbrains.kotlin\kotlin-script-runtime\2.0.21\c9b044380ad41f89aa89aa896c2d32a8c0b2129d\kotlin-script-runtime-2.0.21.jar;C:\Users\user\.gradle\caches\modules-2\files-2.1\org.jetbrains.kotlin\kotlin-reflect\1.6.10\1cbe9c92c12a94eea200d23c2bbaedaf3daf5132\kotlin-reflect-1.6.10.jar;C:\Users\user\.gradle\caches\modules-2\files-2.1\org.jetbrains.kotlin\kotlin-daemon-embeddable\2.0.21\c9e933b23287de9b5a17e2116b4657bb91aea72c\kotlin-daemon-embeddable-2.0.21.jar;C:\Users\user\.gradle\caches\modules-2\files-2.1\org.jetbrains.intellij.deps\trove4j\1.0.20200330\3afb14d5f9ceb459d724e907a21145e8ff394f02\trove4j-1.0.20200330.jar;C:\Users\user\.gradle\caches\modules-2\files-2.1\org.jetbrains.kotlinx\kotlinx-coroutines-core-jvm\1.6.4\2c997cd1c0ef33f3e751d3831929aeff1390cb30\kotlinx-coroutines-core-jvm-1.6.4.jar;C:\Users\user\.gradle\caches\modules-2\files-2.1\org.jetbrains\annotations\13.0\919f0dfe192fb4e063e7dacadee7f8bb9a2672a9\annotations-13.0.jar
Launcher Type: SUN_STANDARD

[Global flags]
     intx CICompilerCount                          = 3                                         {product} {ergonomic}
     uint ConcGCThreads                            = 1                                         {product} {ergonomic}
     uint G1ConcRefinementThreads                  = 4                                         {product} {ergonomic}
   size_t G1HeapRegionSize                         = 1048576                                   {product} {ergonomic}
    uintx GCDrainStackTargetSize                   = 64                                        {product} {ergonomic}
   size_t InitialHeapSize                          = 67108864                                  {product} {ergonomic}
   size_t MarkStackSize                            = 4194304                                   {product} {ergonomic}
   size_t MaxHeapSize                              = 1073741824                                {product} {ergonomic}
   size_t MaxNewSize                               = 643825664                                 {product} {ergonomic}
   size_t MinHeapDeltaBytes                        = 1048576                                   {product} {ergonomic}
   size_t MinHeapSize                              = 8388608                                   {product} {ergonomic}
    uintx NonNMethodCodeHeapSize                   = 5832780                                {pd product} {ergonomic}
    uintx NonProfiledCodeHeapSize                  = 122912730                              {pd product} {ergonomic}
    uintx ProfiledCodeHeapSize                     = 122912730                              {pd product} {ergonomic}
    uintx ReservedCodeCacheSize                    = 251658240                              {pd product} {ergonomic}
     bool SegmentedCodeCache                       = true                                      {product} {ergonomic}
   size_t SoftMaxHeapSize                          = 1073741824                             {manageable} {ergonomic}
     bool UseCompressedOops                        = true                           {product lp64_product} {ergonomic}
     bool UseG1GC                                  = true                                      {product} {ergonomic}
     bool UseLargePagesIndividualAllocation        = false                                  {pd product} {ergonomic}

Logging:
Log output configuration:
 #0: stdout all=warning uptime,level,tags foldmultilines=false
 #1: stderr all=off uptime,level,tags foldmultilines=false

Environment Variables:
PATH=C:\Program Files (x86)\Common Files\Oracle\Java\java8path;C:\Program Files (x86)\Common Files\Oracle\Java\javapath;C:\WINDOWS\system32;C:\WINDOWS;C:\WINDOWS\System32\Wbem;C:\WINDOWS\System32\WindowsPowerShell\v1.0\;C:\WINDOWS\System32\OpenSSH\;C:\Program Files\Git\cmd;C:\Users\user\AppData\Local\Microsoft\WindowsApps;
USERNAME=user
OS=Windows_NT
PROCESSOR_IDENTIFIER=Intel64 Family 6 Model 158 Stepping 9, GenuineIntel
TMP=C:\Users\user\AppData\Local\Temp
TEMP=C:\Users\user\AppData\Local\Temp




Periodic native trim disabled

JNI global refs:
JNI global refs: 7, weak refs: 0

JNI global refs memory usage: 835, weak refs: 833

Process memory usage:
Resident Set Size: 183108K (4% of 4193172K total physical memory with 408580K free physical memory)

OOME stack traces (most recent first):
Classloader memory used:
Loader jdk.internal.loader.ClassLoaders$AppClassLoader                                 : 38312K
Loader bootstrap                                                                       : 10251K

---------------  S Y S T E M  ---------------

OS:
 Windows 11 , 64 bit Build 26100 (10.0.26100.1591)
OS uptime: 0 days 0:35 hours
VMWare virtualization detected

CPU: total 4 (initial active 4) (2 cores per cpu, 1 threads per core) family 6 model 158 stepping 9 microcode 0xffffffff, cx8, cmov, fxsr, mmx, 3dnowpref, sse, sse2, sse3, ssse3, sse4.1, sse4.2, popcnt, lzcnt, tsc, tscinvbit, avx, avx2, aes, erms, clmul, bmi1, bmi2, adx, fma, vzeroupper, clflush, clflushopt, hv, rdtscp, f16c
Processor Information for the first 4 processors :
  Max Mhz: 2808, Current Mhz: 2808, Mhz Limit: 2808

Memory: 4k page, system-wide physical 4094M (399M free)
TotalPageFile size 7064M (AvailPageFile size 12M)
current process WorkingSet (physical memory assigned to process): 178M, peak: 178M
current process commit charge ("private bytes"): 203M, peak: 215M

vm_info: OpenJDK 64-Bit Server VM (21.0.6+-13391695-b895.109) for windows-amd64 JRE (21.0.6+-13391695-b895.109), built on 2025-04-22T21:19:17Z by "builder" with MS VC++ 16.10 / 16.11 (VS2019)

END.
